-- VENDIFY DATABASE LOGS --
2024-05-29 18:05:12.093 INFO  database.ConnectionDDBB.obtainConnection(ConnectionDDBB.java:22) logdb ### Attempt {} to connect to the database
2024-05-29 18:05:33.504 ERROR database.ConnectionDDBB.obtainConnection(ConnectionDDBB.java:43) logdb ### Error getting connection while trying: 0 = java.sql.SQLException: Cannot create PoolableConnectionFactory (Communications link failure

The last packet sent successfully to the server was 0 milliseconds ago. The driver has not received any packets from the server.)
2024-05-29 18:06:01.406 INFO  database.ConnectionDDBB.obtainConnection(ConnectionDDBB.java:22) logdb ### Attempt {} to connect to the database
2024-05-29 18:06:22.930 ERROR database.ConnectionDDBB.obtainConnection(ConnectionDDBB.java:43) logdb ### Error getting connection while trying: 0 = java.sql.SQLException: Cannot create PoolableConnectionFactory (Communications link failure

The last packet sent successfully to the server was 0 milliseconds ago. The driver has not received any packets from the server.)
2024-05-29 18:11:57.976 INFO  database.ConnectionDDBB.obtainConnection(ConnectionDDBB.java:22) logdb ### Attempt {} to connect to the database
2024-05-29 18:12:00.961 INFO  database.ConnectionDDBB.obtainConnection(ConnectionDDBB.java:34) logdb ### Connection obtained in the attemp: 0
2024-05-29 18:12:00.966 INFO  database.ConnectionDDBB.obtainConnection(ConnectionDDBB.java:22) logdb ### Attempt {} to connect to the database
2024-05-29 18:12:02.610 INFO  database.ConnectionDDBB.obtainConnection(ConnectionDDBB.java:34) logdb ### Connection obtained in the attemp: 0
2024-05-29 18:12:02.981 INFO  database.ConnectionDDBB.closeConnection(ConnectionDDBB.java:80) logdb ### Closing the connection
2024-05-29 18:12:02.984 ERROR database.ConnectionDDBB.closeConnection(ConnectionDDBB.java:89) logdb ### The connection has been closed
2024-05-29 18:12:03.830 INFO  database.ConnectionDDBB.obtainConnection(ConnectionDDBB.java:22) logdb ### Attempt {} to connect to the database
2024-05-29 18:12:04.021 INFO  database.ConnectionDDBB.obtainConnection(ConnectionDDBB.java:34) logdb ### Connection obtained in the attemp: 0
2024-05-29 18:12:04.170 INFO  database.ConnectionDDBB.closeConnection(ConnectionDDBB.java:80) logdb ### Closing the connection
2024-05-29 18:12:04.170 ERROR database.ConnectionDDBB.closeConnection(ConnectionDDBB.java:89) logdb ### The connection has been closed
2024-05-29 18:12:15.798 INFO  database.ConnectionDDBB.obtainConnection(ConnectionDDBB.java:22) logdb ### Attempt {} to connect to the database
2024-05-29 18:12:15.998 INFO  database.ConnectionDDBB.obtainConnection(ConnectionDDBB.java:34) logdb ### Connection obtained in the attemp: 0
2024-05-29 18:12:16.134 INFO  database.ConnectionDDBB.closeConnection(ConnectionDDBB.java:80) logdb ### Closing the connection
2024-05-29 18:12:16.134 ERROR database.ConnectionDDBB.closeConnection(ConnectionDDBB.java:89) logdb ### The connection has been closed
2024-05-29 18:12:18.975 INFO  database.ConnectionDDBB.obtainConnection(ConnectionDDBB.java:22) logdb ### Attempt {} to connect to the database
2024-05-29 18:12:19.169 INFO  database.ConnectionDDBB.obtainConnection(ConnectionDDBB.java:34) logdb ### Connection obtained in the attemp: 0
2024-05-29 18:12:19.268 INFO  database.ConnectionDDBB.closeConnection(ConnectionDDBB.java:80) logdb ### Closing the connection
2024-05-29 18:12:19.268 ERROR database.ConnectionDDBB.closeConnection(ConnectionDDBB.java:89) logdb ### The connection has been closed
2024-05-29 18:12:36.723 INFO  database.ConnectionDDBB.obtainConnection(ConnectionDDBB.java:22) logdb ### Attempt {} to connect to the database
2024-05-29 18:12:36.923 INFO  database.ConnectionDDBB.obtainConnection(ConnectionDDBB.java:34) logdb ### Connection obtained in the attemp: 0
2024-05-29 18:12:37.105 INFO  database.ConnectionDDBB.closeConnection(ConnectionDDBB.java:80) logdb ### Closing the connection
2024-05-29 18:12:37.105 ERROR database.ConnectionDDBB.closeConnection(ConnectionDDBB.java:89) logdb ### The connection has been closed
2024-05-29 18:12:39.092 INFO  database.ConnectionDDBB.obtainConnection(ConnectionDDBB.java:22) logdb ### Attempt {} to connect to the database
2024-05-29 18:12:39.300 INFO  database.ConnectionDDBB.obtainConnection(ConnectionDDBB.java:34) logdb ### Connection obtained in the attemp: 0
2024-05-29 18:12:39.401 INFO  database.ConnectionDDBB.closeConnection(ConnectionDDBB.java:80) logdb ### Closing the connection
2024-05-29 18:12:39.403 ERROR database.ConnectionDDBB.closeConnection(ConnectionDDBB.java:89) logdb ### The connection has been closed
2024-05-29 18:12:43.654 INFO  database.ConnectionDDBB.obtainConnection(ConnectionDDBB.java:22) logdb ### Attempt {} to connect to the database
2024-05-29 18:12:44.017 INFO  database.ConnectionDDBB.obtainConnection(ConnectionDDBB.java:34) logdb ### Connection obtained in the attemp: 0
2024-05-29 18:12:44.638 INFO  database.ConnectionDDBB.closeConnection(ConnectionDDBB.java:80) logdb ### Closing the connection
2024-05-29 18:12:44.638 ERROR database.ConnectionDDBB.closeConnection(ConnectionDDBB.java:89) logdb ### The connection has been closed
2024-05-29 18:12:56.389 INFO  database.ConnectionDDBB.obtainConnection(ConnectionDDBB.java:22) logdb ### Attempt {} to connect to the database
2024-05-29 18:12:56.702 INFO  database.ConnectionDDBB.obtainConnection(ConnectionDDBB.java:34) logdb ### Connection obtained in the attemp: 0
2024-05-29 18:12:56.839 INFO  database.ConnectionDDBB.closeConnection(ConnectionDDBB.java:80) logdb ### Closing the connection
2024-05-29 18:12:56.839 ERROR database.ConnectionDDBB.closeConnection(ConnectionDDBB.java:89) logdb ### The connection has been closed
2024-05-29 18:12:59.771 INFO  database.ConnectionDDBB.obtainConnection(ConnectionDDBB.java:22) logdb ### Attempt {} to connect to the database
2024-05-29 18:13:00.266 INFO  database.ConnectionDDBB.obtainConnection(ConnectionDDBB.java:34) logdb ### Connection obtained in the attemp: 0
2024-05-29 18:13:09.363 INFO  database.ConnectionDDBB.obtainConnection(ConnectionDDBB.java:22) logdb ### Attempt {} to connect to the database
2024-05-29 18:13:11.408 INFO  database.ConnectionDDBB.obtainConnection(ConnectionDDBB.java:34) logdb ### Connection obtained in the attemp: 0
2024-05-29 18:13:11.535 INFO  database.ConnectionDDBB.closeConnection(ConnectionDDBB.java:80) logdb ### Closing the connection
2024-05-29 18:13:11.535 ERROR database.ConnectionDDBB.closeConnection(ConnectionDDBB.java:89) logdb ### The connection has been closed
2024-05-29 18:13:17.951 INFO  database.ConnectionDDBB.obtainConnection(ConnectionDDBB.java:22) logdb ### Attempt {} to connect to the database
2024-05-29 18:13:18.166 INFO  database.ConnectionDDBB.obtainConnection(ConnectionDDBB.java:34) logdb ### Connection obtained in the attemp: 0
2024-05-29 18:13:18.166 INFO  database.ConnectionDDBB.obtainConnection(ConnectionDDBB.java:22) logdb ### Attempt {} to connect to the database
2024-05-29 18:13:19.503 INFO  database.ConnectionDDBB.obtainConnection(ConnectionDDBB.java:34) logdb ### Connection obtained in the attemp: 0
2024-05-29 18:13:26.135 INFO  database.ConnectionDDBB.obtainConnection(ConnectionDDBB.java:22) logdb ### Attempt {} to connect to the database
2024-05-29 18:13:27.318 INFO  database.ConnectionDDBB.obtainConnection(ConnectionDDBB.java:34) logdb ### Connection obtained in the attemp: 0
2024-05-29 18:13:27.319 INFO  database.ConnectionDDBB.obtainConnection(ConnectionDDBB.java:22) logdb ### Attempt {} to connect to the database
2024-05-29 18:13:31.819 INFO  database.ConnectionDDBB.obtainConnection(ConnectionDDBB.java:34) logdb ### Connection obtained in the attemp: 0
2024-05-29 18:13:35.402 INFO  database.ConnectionDDBB.obtainConnection(ConnectionDDBB.java:22) logdb ### Attempt {} to connect to the database
2024-05-29 18:13:37.069 INFO  database.ConnectionDDBB.obtainConnection(ConnectionDDBB.java:34) logdb ### Connection obtained in the attemp: 0
2024-05-29 18:13:37.183 INFO  database.ConnectionDDBB.obtainConnection(ConnectionDDBB.java:22) logdb ### Attempt {} to connect to the database
2024-05-29 18:13:38.645 INFO  database.ConnectionDDBB.obtainConnection(ConnectionDDBB.java:34) logdb ### Connection obtained in the attemp: 0
2024-05-29 18:13:45.434 INFO  database.ConnectionDDBB.obtainConnection(ConnectionDDBB.java:22) logdb ### Attempt {} to connect to the database
2024-05-29 18:13:46.765 INFO  database.ConnectionDDBB.obtainConnection(ConnectionDDBB.java:34) logdb ### Connection obtained in the attemp: 0
2024-05-29 18:13:46.869 INFO  database.ConnectionDDBB.closeConnection(ConnectionDDBB.java:80) logdb ### Closing the connection
2024-05-29 18:13:46.869 ERROR database.ConnectionDDBB.closeConnection(ConnectionDDBB.java:89) logdb ### The connection has been closed
2024-05-29 18:14:01.919 INFO  database.ConnectionDDBB.obtainConnection(ConnectionDDBB.java:22) logdb ### Attempt {} to connect to the database
2024-05-29 18:14:02.316 INFO  database.ConnectionDDBB.obtainConnection(ConnectionDDBB.java:34) logdb ### Connection obtained in the attemp: 0
2024-05-29 18:14:02.425 INFO  database.ConnectionDDBB.closeConnection(ConnectionDDBB.java:80) logdb ### Closing the connection
2024-05-29 18:14:02.425 ERROR database.ConnectionDDBB.closeConnection(ConnectionDDBB.java:89) logdb ### The connection has been closed
2024-05-29 18:15:00.248 INFO  database.ConnectionDDBB.obtainConnection(ConnectionDDBB.java:22) logdb ### Attempt {} to connect to the database
2024-05-29 18:15:00.431 INFO  database.ConnectionDDBB.obtainConnection(ConnectionDDBB.java:34) logdb ### Connection obtained in the attemp: 0
2024-05-29 18:15:00.431 INFO  database.ConnectionDDBB.obtainConnection(ConnectionDDBB.java:22) logdb ### Attempt {} to connect to the database
2024-05-29 18:15:03.857 INFO  database.ConnectionDDBB.obtainConnection(ConnectionDDBB.java:34) logdb ### Connection obtained in the attemp: 0
2024-05-29 18:15:04.434 INFO  database.ConnectionDDBB.closeConnection(ConnectionDDBB.java:80) logdb ### Closing the connection
2024-05-29 18:15:04.434 ERROR database.ConnectionDDBB.closeConnection(ConnectionDDBB.java:89) logdb ### The connection has been closed
2024-05-29 18:15:05.059 INFO  database.ConnectionDDBB.obtainConnection(ConnectionDDBB.java:22) logdb ### Attempt {} to connect to the database
2024-05-29 18:15:05.232 INFO  database.ConnectionDDBB.obtainConnection(ConnectionDDBB.java:34) logdb ### Connection obtained in the attemp: 0
2024-05-29 18:15:05.991 INFO  database.ConnectionDDBB.closeConnection(ConnectionDDBB.java:80) logdb ### Closing the connection
2024-05-29 18:15:05.991 ERROR database.ConnectionDDBB.closeConnection(ConnectionDDBB.java:89) logdb ### The connection has been closed
2024-05-29 18:15:09.467 INFO  database.ConnectionDDBB.obtainConnection(ConnectionDDBB.java:22) logdb ### Attempt {} to connect to the database
2024-05-29 18:15:10.346 INFO  database.ConnectionDDBB.obtainConnection(ConnectionDDBB.java:34) logdb ### Connection obtained in the attemp: 0
2024-05-29 18:15:10.452 INFO  database.ConnectionDDBB.closeConnection(ConnectionDDBB.java:80) logdb ### Closing the connection
2024-05-29 18:15:10.453 ERROR database.ConnectionDDBB.closeConnection(ConnectionDDBB.java:89) logdb ### The connection has been closed
2024-05-29 18:15:10.453 INFO  database.ConnectionDDBB.obtainConnection(ConnectionDDBB.java:22) logdb ### Attempt {} to connect to the database
2024-05-29 18:15:10.638 INFO  database.ConnectionDDBB.obtainConnection(ConnectionDDBB.java:34) logdb ### Connection obtained in the attemp: 0
2024-05-29 18:15:10.736 INFO  database.ConnectionDDBB.closeConnection(ConnectionDDBB.java:80) logdb ### Closing the connection
2024-05-29 18:15:10.737 ERROR database.ConnectionDDBB.closeConnection(ConnectionDDBB.java:89) logdb ### The connection has been closed
2024-05-29 18:15:10.737 INFO  database.ConnectionDDBB.obtainConnection(ConnectionDDBB.java:22) logdb ### Attempt {} to connect to the database
2024-05-29 18:15:10.936 INFO  database.ConnectionDDBB.obtainConnection(ConnectionDDBB.java:34) logdb ### Connection obtained in the attemp: 0
2024-05-29 18:15:11.048 INFO  database.ConnectionDDBB.closeConnection(ConnectionDDBB.java:80) logdb ### Closing the connection
2024-05-29 18:15:11.048 ERROR database.ConnectionDDBB.closeConnection(ConnectionDDBB.java:89) logdb ### The connection has been closed
2024-05-29 18:15:11.048 INFO  database.ConnectionDDBB.obtainConnection(ConnectionDDBB.java:22) logdb ### Attempt {} to connect to the database
2024-05-29 18:15:11.236 INFO  database.ConnectionDDBB.obtainConnection(ConnectionDDBB.java:34) logdb ### Connection obtained in the attemp: 0
2024-05-29 18:15:11.236 INFO  database.ConnectionDDBB.obtainConnection(ConnectionDDBB.java:22) logdb ### Attempt {} to connect to the database
2024-05-29 18:15:12.332 INFO  database.ConnectionDDBB.obtainConnection(ConnectionDDBB.java:34) logdb ### Connection obtained in the attemp: 0
2024-05-29 18:15:12.426 INFO  database.ConnectionDDBB.closeConnection(ConnectionDDBB.java:80) logdb ### Closing the connection
2024-05-29 18:15:12.426 ERROR database.ConnectionDDBB.closeConnection(ConnectionDDBB.java:89) logdb ### The connection has been closed
2024-05-29 18:15:14.834 INFO  database.ConnectionDDBB.obtainConnection(ConnectionDDBB.java:22) logdb ### Attempt {} to connect to the database
2024-05-29 18:15:15.048 INFO  database.ConnectionDDBB.obtainConnection(ConnectionDDBB.java:34) logdb ### Connection obtained in the attemp: 0
2024-05-29 18:15:15.143 INFO  database.ConnectionDDBB.closeConnection(ConnectionDDBB.java:80) logdb ### Closing the connection
2024-05-29 18:15:15.143 ERROR database.ConnectionDDBB.closeConnection(ConnectionDDBB.java:89) logdb ### The connection has been closed
2024-05-29 18:15:17.129 INFO  database.ConnectionDDBB.obtainConnection(ConnectionDDBB.java:22) logdb ### Attempt {} to connect to the database
2024-05-29 18:15:17.307 INFO  database.ConnectionDDBB.obtainConnection(ConnectionDDBB.java:34) logdb ### Connection obtained in the attemp: 0
2024-05-29 18:15:17.449 INFO  database.ConnectionDDBB.closeConnection(ConnectionDDBB.java:80) logdb ### Closing the connection
2024-05-29 18:15:17.450 ERROR database.ConnectionDDBB.closeConnection(ConnectionDDBB.java:89) logdb ### The connection has been closed
2024-05-29 18:15:17.869 INFO  database.ConnectionDDBB.obtainConnection(ConnectionDDBB.java:22) logdb ### Attempt {} to connect to the database
2024-05-29 18:15:18.093 INFO  database.ConnectionDDBB.obtainConnection(ConnectionDDBB.java:34) logdb ### Connection obtained in the attemp: 0
2024-05-29 18:15:18.274 INFO  database.ConnectionDDBB.closeConnection(ConnectionDDBB.java:80) logdb ### Closing the connection
2024-05-29 18:15:18.274 ERROR database.ConnectionDDBB.closeConnection(ConnectionDDBB.java:89) logdb ### The connection has been closed
2024-05-29 18:15:18.274 INFO  database.ConnectionDDBB.obtainConnection(ConnectionDDBB.java:22) logdb ### Attempt {} to connect to the database
2024-05-29 18:15:18.473 INFO  database.ConnectionDDBB.obtainConnection(ConnectionDDBB.java:34) logdb ### Connection obtained in the attemp: 0
2024-05-29 18:15:18.582 INFO  database.ConnectionDDBB.closeConnection(ConnectionDDBB.java:80) logdb ### Closing the connection
2024-05-29 18:15:18.582 ERROR database.ConnectionDDBB.closeConnection(ConnectionDDBB.java:89) logdb ### The connection has been closed
2024-05-29 18:15:18.582 INFO  database.ConnectionDDBB.obtainConnection(ConnectionDDBB.java:22) logdb ### Attempt {} to connect to the database
2024-05-29 18:15:19.393 INFO  database.ConnectionDDBB.obtainConnection(ConnectionDDBB.java:34) logdb ### Connection obtained in the attemp: 0
2024-05-29 18:15:19.534 INFO  database.ConnectionDDBB.closeConnection(ConnectionDDBB.java:80) logdb ### Closing the connection
2024-05-29 18:15:19.534 ERROR database.ConnectionDDBB.closeConnection(ConnectionDDBB.java:89) logdb ### The connection has been closed
2024-05-29 18:15:19.534 INFO  database.ConnectionDDBB.obtainConnection(ConnectionDDBB.java:22) logdb ### Attempt {} to connect to the database
2024-05-29 18:15:19.739 INFO  database.ConnectionDDBB.obtainConnection(ConnectionDDBB.java:34) logdb ### Connection obtained in the attemp: 0
2024-05-29 18:15:19.739 INFO  database.ConnectionDDBB.obtainConnection(ConnectionDDBB.java:22) logdb ### Attempt {} to connect to the database
2024-05-29 18:15:21.563 INFO  database.ConnectionDDBB.obtainConnection(ConnectionDDBB.java:34) logdb ### Connection obtained in the attemp: 0
2024-05-29 18:15:22.289 INFO  database.ConnectionDDBB.closeConnection(ConnectionDDBB.java:80) logdb ### Closing the connection
2024-05-29 18:15:22.289 ERROR database.ConnectionDDBB.closeConnection(ConnectionDDBB.java:89) logdb ### The connection has been closed
2024-05-29 18:15:24.323 INFO  database.ConnectionDDBB.obtainConnection(ConnectionDDBB.java:22) logdb ### Attempt {} to connect to the database
2024-05-29 18:15:24.517 INFO  database.ConnectionDDBB.obtainConnection(ConnectionDDBB.java:34) logdb ### Connection obtained in the attemp: 0
2024-05-29 18:15:24.632 INFO  database.ConnectionDDBB.closeConnection(ConnectionDDBB.java:80) logdb ### Closing the connection
2024-05-29 18:15:24.633 ERROR database.ConnectionDDBB.closeConnection(ConnectionDDBB.java:89) logdb ### The connection has been closed
2024-05-29 18:15:24.633 INFO  database.ConnectionDDBB.obtainConnection(ConnectionDDBB.java:22) logdb ### Attempt {} to connect to the database
2024-05-29 18:15:25.123 INFO  database.ConnectionDDBB.obtainConnection(ConnectionDDBB.java:34) logdb ### Connection obtained in the attemp: 0
2024-05-29 18:15:25.231 INFO  database.ConnectionDDBB.closeConnection(ConnectionDDBB.java:80) logdb ### Closing the connection
2024-05-29 18:15:25.231 ERROR database.ConnectionDDBB.closeConnection(ConnectionDDBB.java:89) logdb ### The connection has been closed
2024-05-29 18:15:25.231 INFO  database.ConnectionDDBB.obtainConnection(ConnectionDDBB.java:22) logdb ### Attempt {} to connect to the database
2024-05-29 18:15:25.418 INFO  database.ConnectionDDBB.obtainConnection(ConnectionDDBB.java:34) logdb ### Connection obtained in the attemp: 0
2024-05-29 18:15:25.535 INFO  database.ConnectionDDBB.closeConnection(ConnectionDDBB.java:80) logdb ### Closing the connection
2024-05-29 18:15:25.535 ERROR database.ConnectionDDBB.closeConnection(ConnectionDDBB.java:89) logdb ### The connection has been closed
2024-05-29 18:15:25.535 INFO  database.ConnectionDDBB.obtainConnection(ConnectionDDBB.java:22) logdb ### Attempt {} to connect to the database
2024-05-29 18:15:25.724 INFO  database.ConnectionDDBB.obtainConnection(ConnectionDDBB.java:34) logdb ### Connection obtained in the attemp: 0
2024-05-29 18:15:25.724 INFO  database.ConnectionDDBB.obtainConnection(ConnectionDDBB.java:22) logdb ### Attempt {} to connect to the database
2024-05-29 18:15:28.471 INFO  database.ConnectionDDBB.obtainConnection(ConnectionDDBB.java:34) logdb ### Connection obtained in the attemp: 0
2024-05-29 18:15:28.568 INFO  database.ConnectionDDBB.closeConnection(ConnectionDDBB.java:80) logdb ### Closing the connection
2024-05-29 18:15:28.568 ERROR database.ConnectionDDBB.closeConnection(ConnectionDDBB.java:89) logdb ### The connection has been closed
2024-05-29 18:19:16.079 INFO  database.ConnectionDDBB.obtainConnection(ConnectionDDBB.java:22) logdb ### Attempt {} to connect to the database
2024-05-29 18:19:16.270 INFO  database.ConnectionDDBB.obtainConnection(ConnectionDDBB.java:34) logdb ### Connection obtained in the attemp: 0
2024-05-29 18:19:16.371 INFO  database.ConnectionDDBB.closeConnection(ConnectionDDBB.java:80) logdb ### Closing the connection
2024-05-29 18:19:16.372 ERROR database.ConnectionDDBB.closeConnection(ConnectionDDBB.java:89) logdb ### The connection has been closed
2024-05-29 18:19:16.887 INFO  database.ConnectionDDBB.obtainConnection(ConnectionDDBB.java:22) logdb ### Attempt {} to connect to the database
2024-05-29 18:19:17.074 INFO  database.ConnectionDDBB.obtainConnection(ConnectionDDBB.java:34) logdb ### Connection obtained in the attemp: 0
2024-05-29 18:19:17.813 INFO  database.ConnectionDDBB.closeConnection(ConnectionDDBB.java:80) logdb ### Closing the connection
2024-05-29 18:19:17.813 ERROR database.ConnectionDDBB.closeConnection(ConnectionDDBB.java:89) logdb ### The connection has been closed
2024-05-29 18:19:17.813 INFO  database.ConnectionDDBB.obtainConnection(ConnectionDDBB.java:22) logdb ### Attempt {} to connect to the database
2024-05-29 18:19:18.187 INFO  database.ConnectionDDBB.obtainConnection(ConnectionDDBB.java:34) logdb ### Connection obtained in the attemp: 0
2024-05-29 18:19:18.294 INFO  database.ConnectionDDBB.closeConnection(ConnectionDDBB.java:80) logdb ### Closing the connection
2024-05-29 18:19:18.295 ERROR database.ConnectionDDBB.closeConnection(ConnectionDDBB.java:89) logdb ### The connection has been closed
2024-05-29 18:19:18.295 INFO  database.ConnectionDDBB.obtainConnection(ConnectionDDBB.java:22) logdb ### Attempt {} to connect to the database
2024-05-29 18:19:18.512 INFO  database.ConnectionDDBB.obtainConnection(ConnectionDDBB.java:34) logdb ### Connection obtained in the attemp: 0
2024-05-29 18:19:19.219 INFO  database.ConnectionDDBB.closeConnection(ConnectionDDBB.java:80) logdb ### Closing the connection
2024-05-29 18:19:19.219 ERROR database.ConnectionDDBB.closeConnection(ConnectionDDBB.java:89) logdb ### The connection has been closed
2024-05-29 18:19:19.219 INFO  database.ConnectionDDBB.obtainConnection(ConnectionDDBB.java:22) logdb ### Attempt {} to connect to the database
2024-05-29 18:19:19.418 INFO  database.ConnectionDDBB.obtainConnection(ConnectionDDBB.java:34) logdb ### Connection obtained in the attemp: 0
2024-05-29 18:19:19.418 INFO  database.ConnectionDDBB.obtainConnection(ConnectionDDBB.java:22) logdb ### Attempt {} to connect to the database
2024-05-29 18:19:20.454 INFO  database.ConnectionDDBB.obtainConnection(ConnectionDDBB.java:34) logdb ### Connection obtained in the attemp: 0
2024-05-29 18:19:20.553 INFO  database.ConnectionDDBB.closeConnection(ConnectionDDBB.java:80) logdb ### Closing the connection
2024-05-29 18:19:20.553 ERROR database.ConnectionDDBB.closeConnection(ConnectionDDBB.java:89) logdb ### The connection has been closed
2024-05-29 18:19:35.847 INFO  database.ConnectionDDBB.obtainConnection(ConnectionDDBB.java:22) logdb ### Attempt {} to connect to the database
2024-05-29 18:19:36.054 INFO  database.ConnectionDDBB.obtainConnection(ConnectionDDBB.java:34) logdb ### Connection obtained in the attemp: 0
2024-05-29 18:19:36.055 INFO  database.ConnectionDDBB.obtainConnection(ConnectionDDBB.java:22) logdb ### Attempt {} to connect to the database
2024-05-29 18:19:37.156 INFO  database.ConnectionDDBB.obtainConnection(ConnectionDDBB.java:34) logdb ### Connection obtained in the attemp: 0
2024-05-29 18:19:37.267 INFO  database.ConnectionDDBB.closeConnection(ConnectionDDBB.java:80) logdb ### Closing the connection
2024-05-29 18:19:37.267 ERROR database.ConnectionDDBB.closeConnection(ConnectionDDBB.java:89) logdb ### The connection has been closed
2024-05-29 18:19:37.303 INFO  database.ConnectionDDBB.obtainConnection(ConnectionDDBB.java:22) logdb ### Attempt {} to connect to the database
2024-05-29 18:19:37.489 INFO  database.ConnectionDDBB.obtainConnection(ConnectionDDBB.java:34) logdb ### Connection obtained in the attemp: 0
2024-05-29 18:19:37.580 INFO  database.ConnectionDDBB.closeConnection(ConnectionDDBB.java:80) logdb ### Closing the connection
2024-05-29 18:19:37.580 ERROR database.ConnectionDDBB.closeConnection(ConnectionDDBB.java:89) logdb ### The connection has been closed
2024-05-29 18:19:41.000 INFO  database.ConnectionDDBB.obtainConnection(ConnectionDDBB.java:22) logdb ### Attempt {} to connect to the database
2024-05-29 18:19:41.188 INFO  database.ConnectionDDBB.obtainConnection(ConnectionDDBB.java:34) logdb ### Connection obtained in the attemp: 0
2024-05-29 18:19:41.283 INFO  database.ConnectionDDBB.closeConnection(ConnectionDDBB.java:80) logdb ### Closing the connection
2024-05-29 18:19:41.283 ERROR database.ConnectionDDBB.closeConnection(ConnectionDDBB.java:89) logdb ### The connection has been closed
2024-05-29 18:19:41.930 INFO  database.ConnectionDDBB.obtainConnection(ConnectionDDBB.java:22) logdb ### Attempt {} to connect to the database
2024-05-29 18:19:42.126 INFO  database.ConnectionDDBB.obtainConnection(ConnectionDDBB.java:34) logdb ### Connection obtained in the attemp: 0
2024-05-29 18:19:42.224 INFO  database.ConnectionDDBB.closeConnection(ConnectionDDBB.java:80) logdb ### Closing the connection
2024-05-29 18:19:42.224 ERROR database.ConnectionDDBB.closeConnection(ConnectionDDBB.java:89) logdb ### The connection has been closed
2024-05-29 18:19:43.869 INFO  database.ConnectionDDBB.obtainConnection(ConnectionDDBB.java:22) logdb ### Attempt {} to connect to the database
2024-05-29 18:19:44.055 INFO  database.ConnectionDDBB.obtainConnection(ConnectionDDBB.java:34) logdb ### Connection obtained in the attemp: 0
2024-05-29 18:19:44.138 INFO  database.ConnectionDDBB.closeConnection(ConnectionDDBB.java:80) logdb ### Closing the connection
2024-05-29 18:19:44.138 ERROR database.ConnectionDDBB.closeConnection(ConnectionDDBB.java:89) logdb ### The connection has been closed
2024-05-29 18:56:32.318 INFO  database.ConnectionDDBB.obtainConnection(ConnectionDDBB.java:22) logdb ### Attempt {} to connect to the database
2024-05-29 18:56:32.525 INFO  database.ConnectionDDBB.obtainConnection(ConnectionDDBB.java:34) logdb ### Connection obtained in the attemp: 0
2024-05-29 18:56:32.525 INFO  database.ConnectionDDBB.obtainConnection(ConnectionDDBB.java:22) logdb ### Attempt {} to connect to the database
2024-05-29 18:56:33.670 INFO  database.ConnectionDDBB.obtainConnection(ConnectionDDBB.java:34) logdb ### Connection obtained in the attemp: 0
2024-05-29 18:56:33.776 INFO  database.ConnectionDDBB.closeConnection(ConnectionDDBB.java:80) logdb ### Closing the connection
2024-05-29 18:56:33.777 ERROR database.ConnectionDDBB.closeConnection(ConnectionDDBB.java:89) logdb ### The connection has been closed
2024-05-29 18:56:34.144 INFO  database.ConnectionDDBB.obtainConnection(ConnectionDDBB.java:22) logdb ### Attempt {} to connect to the database
2024-05-29 18:56:34.344 INFO  database.ConnectionDDBB.obtainConnection(ConnectionDDBB.java:34) logdb ### Connection obtained in the attemp: 0
2024-05-29 18:56:34.491 INFO  database.ConnectionDDBB.closeConnection(ConnectionDDBB.java:80) logdb ### Closing the connection
2024-05-29 18:56:34.491 ERROR database.ConnectionDDBB.closeConnection(ConnectionDDBB.java:89) logdb ### The connection has been closed
2024-05-29 18:56:35.331 INFO  database.ConnectionDDBB.obtainConnection(ConnectionDDBB.java:22) logdb ### Attempt {} to connect to the database
2024-05-29 18:56:35.509 INFO  database.ConnectionDDBB.obtainConnection(ConnectionDDBB.java:34) logdb ### Connection obtained in the attemp: 0
2024-05-29 18:56:35.610 INFO  database.ConnectionDDBB.closeConnection(ConnectionDDBB.java:80) logdb ### Closing the connection
2024-05-29 18:56:35.610 ERROR database.ConnectionDDBB.closeConnection(ConnectionDDBB.java:89) logdb ### The connection has been closed
2024-05-29 18:56:36.391 INFO  database.ConnectionDDBB.obtainConnection(ConnectionDDBB.java:22) logdb ### Attempt {} to connect to the database
2024-05-29 18:56:36.599 INFO  database.ConnectionDDBB.obtainConnection(ConnectionDDBB.java:34) logdb ### Connection obtained in the attemp: 0
2024-05-29 18:56:36.709 INFO  database.ConnectionDDBB.closeConnection(ConnectionDDBB.java:80) logdb ### Closing the connection
2024-05-29 18:56:36.709 ERROR database.ConnectionDDBB.closeConnection(ConnectionDDBB.java:89) logdb ### The connection has been closed
2024-05-29 19:00:00.702 INFO  database.ConnectionDDBB.obtainConnection(ConnectionDDBB.java:22) logdb ### Attempt {} to connect to the database
2024-05-29 19:00:00.887 INFO  database.ConnectionDDBB.obtainConnection(ConnectionDDBB.java:34) logdb ### Connection obtained in the attemp: 0
2024-05-29 19:00:00.999 INFO  database.ConnectionDDBB.closeConnection(ConnectionDDBB.java:80) logdb ### Closing the connection
2024-05-29 19:00:01.000 ERROR database.ConnectionDDBB.closeConnection(ConnectionDDBB.java:89) logdb ### The connection has been closed
2024-05-29 19:00:02.263 INFO  database.ConnectionDDBB.obtainConnection(ConnectionDDBB.java:22) logdb ### Attempt {} to connect to the database
2024-05-29 19:00:02.449 INFO  database.ConnectionDDBB.obtainConnection(ConnectionDDBB.java:34) logdb ### Connection obtained in the attemp: 0
2024-05-29 19:00:02.549 INFO  database.ConnectionDDBB.closeConnection(ConnectionDDBB.java:80) logdb ### Closing the connection
2024-05-29 19:00:02.549 ERROR database.ConnectionDDBB.closeConnection(ConnectionDDBB.java:89) logdb ### The connection has been closed
2024-05-29 19:00:03.748 INFO  database.ConnectionDDBB.obtainConnection(ConnectionDDBB.java:22) logdb ### Attempt {} to connect to the database
2024-05-29 19:00:03.935 INFO  database.ConnectionDDBB.obtainConnection(ConnectionDDBB.java:34) logdb ### Connection obtained in the attemp: 0
2024-05-29 19:00:04.651 INFO  database.ConnectionDDBB.closeConnection(ConnectionDDBB.java:80) logdb ### Closing the connection
2024-05-29 19:00:04.651 ERROR database.ConnectionDDBB.closeConnection(ConnectionDDBB.java:89) logdb ### The connection has been closed
2024-05-29 19:00:05.590 INFO  database.ConnectionDDBB.obtainConnection(ConnectionDDBB.java:22) logdb ### Attempt {} to connect to the database
2024-05-29 19:00:05.884 INFO  database.ConnectionDDBB.obtainConnection(ConnectionDDBB.java:34) logdb ### Connection obtained in the attemp: 0
2024-05-29 19:00:06.019 INFO  database.ConnectionDDBB.closeConnection(ConnectionDDBB.java:80) logdb ### Closing the connection
2024-05-29 19:00:06.019 ERROR database.ConnectionDDBB.closeConnection(ConnectionDDBB.java:89) logdb ### The connection has been closed
2024-05-29 19:00:07.627 INFO  database.ConnectionDDBB.obtainConnection(ConnectionDDBB.java:22) logdb ### Attempt {} to connect to the database
2024-05-29 19:00:07.959 INFO  database.ConnectionDDBB.obtainConnection(ConnectionDDBB.java:34) logdb ### Connection obtained in the attemp: 0
2024-05-29 19:00:08.390 INFO  database.ConnectionDDBB.closeConnection(ConnectionDDBB.java:80) logdb ### Closing the connection
2024-05-29 19:00:08.390 ERROR database.ConnectionDDBB.closeConnection(ConnectionDDBB.java:89) logdb ### The connection has been closed
2024-05-29 19:14:27.582 INFO  database.ConnectionDDBB.obtainConnection(ConnectionDDBB.java:22) logdb ### Attempt {} to connect to the database
2024-05-29 19:14:27.792 INFO  database.ConnectionDDBB.obtainConnection(ConnectionDDBB.java:34) logdb ### Connection obtained in the attemp: 0
2024-05-29 19:14:27.792 INFO  database.ConnectionDDBB.obtainConnection(ConnectionDDBB.java:22) logdb ### Attempt {} to connect to the database
2024-05-29 19:14:31.013 INFO  database.ConnectionDDBB.obtainConnection(ConnectionDDBB.java:34) logdb ### Connection obtained in the attemp: 0
2024-05-29 19:14:31.117 INFO  database.ConnectionDDBB.closeConnection(ConnectionDDBB.java:80) logdb ### Closing the connection
2024-05-29 19:14:31.118 ERROR database.ConnectionDDBB.closeConnection(ConnectionDDBB.java:89) logdb ### The connection has been closed
2024-05-29 19:14:31.391 INFO  database.ConnectionDDBB.obtainConnection(ConnectionDDBB.java:22) logdb ### Attempt {} to connect to the database
2024-05-29 19:14:32.047 INFO  database.ConnectionDDBB.obtainConnection(ConnectionDDBB.java:34) logdb ### Connection obtained in the attemp: 0
2024-05-29 19:14:32.369 INFO  database.ConnectionDDBB.closeConnection(ConnectionDDBB.java:80) logdb ### Closing the connection
2024-05-29 19:14:32.370 ERROR database.ConnectionDDBB.closeConnection(ConnectionDDBB.java:89) logdb ### The connection has been closed
2024-05-29 19:14:33.969 INFO  database.ConnectionDDBB.obtainConnection(ConnectionDDBB.java:22) logdb ### Attempt {} to connect to the database
2024-05-29 19:14:34.198 INFO  database.ConnectionDDBB.obtainConnection(ConnectionDDBB.java:34) logdb ### Connection obtained in the attemp: 0
2024-05-29 19:14:34.579 INFO  database.ConnectionDDBB.closeConnection(ConnectionDDBB.java:80) logdb ### Closing the connection
2024-05-29 19:14:34.581 ERROR database.ConnectionDDBB.closeConnection(ConnectionDDBB.java:89) logdb ### The connection has been closed
2024-05-29 19:14:39.228 INFO  database.ConnectionDDBB.obtainConnection(ConnectionDDBB.java:22) logdb ### Attempt {} to connect to the database
2024-05-29 19:14:39.715 INFO  database.ConnectionDDBB.obtainConnection(ConnectionDDBB.java:34) logdb ### Connection obtained in the attemp: 0
2024-05-29 19:14:39.823 INFO  database.ConnectionDDBB.closeConnection(ConnectionDDBB.java:80) logdb ### Closing the connection
2024-05-29 19:14:39.823 ERROR database.ConnectionDDBB.closeConnection(ConnectionDDBB.java:89) logdb ### The connection has been closed
2024-05-29 19:14:43.248 INFO  database.ConnectionDDBB.obtainConnection(ConnectionDDBB.java:22) logdb ### Attempt {} to connect to the database
2024-05-29 19:14:43.448 INFO  database.ConnectionDDBB.obtainConnection(ConnectionDDBB.java:34) logdb ### Connection obtained in the attemp: 0
2024-05-29 19:14:43.556 INFO  database.ConnectionDDBB.closeConnection(ConnectionDDBB.java:80) logdb ### Closing the connection
2024-05-29 19:14:43.556 ERROR database.ConnectionDDBB.closeConnection(ConnectionDDBB.java:89) logdb ### The connection has been closed
2024-05-29 19:16:25.398 INFO  database.ConnectionDDBB.obtainConnection(ConnectionDDBB.java:22) logdb ### Attempt {} to connect to the database
2024-05-29 19:16:25.612 INFO  database.ConnectionDDBB.obtainConnection(ConnectionDDBB.java:34) logdb ### Connection obtained in the attemp: 0
2024-05-29 19:16:25.730 INFO  database.ConnectionDDBB.closeConnection(ConnectionDDBB.java:80) logdb ### Closing the connection
2024-05-29 19:16:25.730 ERROR database.ConnectionDDBB.closeConnection(ConnectionDDBB.java:89) logdb ### The connection has been closed
2024-05-29 19:16:26.351 INFO  database.ConnectionDDBB.obtainConnection(ConnectionDDBB.java:22) logdb ### Attempt {} to connect to the database
2024-05-29 19:16:26.554 INFO  database.ConnectionDDBB.obtainConnection(ConnectionDDBB.java:34) logdb ### Connection obtained in the attemp: 0
2024-05-29 19:16:26.970 INFO  database.ConnectionDDBB.closeConnection(ConnectionDDBB.java:80) logdb ### Closing the connection
2024-05-29 19:16:26.971 ERROR database.ConnectionDDBB.closeConnection(ConnectionDDBB.java:89) logdb ### The connection has been closed
2024-05-29 19:16:26.982 INFO  database.ConnectionDDBB.obtainConnection(ConnectionDDBB.java:22) logdb ### Attempt {} to connect to the database
2024-05-29 19:16:27.219 INFO  database.ConnectionDDBB.obtainConnection(ConnectionDDBB.java:34) logdb ### Connection obtained in the attemp: 0
2024-05-29 19:16:27.347 INFO  database.ConnectionDDBB.closeConnection(ConnectionDDBB.java:80) logdb ### Closing the connection
2024-05-29 19:16:27.347 ERROR database.ConnectionDDBB.closeConnection(ConnectionDDBB.java:89) logdb ### The connection has been closed
2024-05-29 19:16:27.904 INFO  database.ConnectionDDBB.obtainConnection(ConnectionDDBB.java:22) logdb ### Attempt {} to connect to the database
2024-05-29 19:16:28.095 INFO  database.ConnectionDDBB.obtainConnection(ConnectionDDBB.java:34) logdb ### Connection obtained in the attemp: 0
2024-05-29 19:16:28.187 INFO  database.ConnectionDDBB.closeConnection(ConnectionDDBB.java:80) logdb ### Closing the connection
2024-05-29 19:16:28.187 ERROR database.ConnectionDDBB.closeConnection(ConnectionDDBB.java:89) logdb ### The connection has been closed
2024-05-29 19:16:29.003 INFO  database.ConnectionDDBB.obtainConnection(ConnectionDDBB.java:22) logdb ### Attempt {} to connect to the database
2024-05-29 19:16:29.204 INFO  database.ConnectionDDBB.obtainConnection(ConnectionDDBB.java:34) logdb ### Connection obtained in the attemp: 0
2024-05-29 19:16:29.301 INFO  database.ConnectionDDBB.closeConnection(ConnectionDDBB.java:80) logdb ### Closing the connection
2024-05-29 19:16:29.303 ERROR database.ConnectionDDBB.closeConnection(ConnectionDDBB.java:89) logdb ### The connection has been closed
2024-05-29 19:16:29.854 INFO  database.ConnectionDDBB.obtainConnection(ConnectionDDBB.java:22) logdb ### Attempt {} to connect to the database
2024-05-29 19:16:30.046 INFO  database.ConnectionDDBB.obtainConnection(ConnectionDDBB.java:34) logdb ### Connection obtained in the attemp: 0
2024-05-29 19:16:30.138 INFO  database.ConnectionDDBB.closeConnection(ConnectionDDBB.java:80) logdb ### Closing the connection
2024-05-29 19:16:30.138 ERROR database.ConnectionDDBB.closeConnection(ConnectionDDBB.java:89) logdb ### The connection has been closed
2024-05-29 19:16:32.666 INFO  database.ConnectionDDBB.obtainConnection(ConnectionDDBB.java:22) logdb ### Attempt {} to connect to the database
2024-05-29 19:16:32.861 INFO  database.ConnectionDDBB.obtainConnection(ConnectionDDBB.java:34) logdb ### Connection obtained in the attemp: 0
2024-05-29 19:16:33.362 INFO  database.ConnectionDDBB.closeConnection(ConnectionDDBB.java:80) logdb ### Closing the connection
2024-05-29 19:16:33.362 ERROR database.ConnectionDDBB.closeConnection(ConnectionDDBB.java:89) logdb ### The connection has been closed
2024-05-29 19:16:33.932 INFO  database.ConnectionDDBB.obtainConnection(ConnectionDDBB.java:22) logdb ### Attempt {} to connect to the database
2024-05-29 19:16:34.304 INFO  database.ConnectionDDBB.obtainConnection(ConnectionDDBB.java:34) logdb ### Connection obtained in the attemp: 0
2024-05-29 19:16:34.706 INFO  database.ConnectionDDBB.closeConnection(ConnectionDDBB.java:80) logdb ### Closing the connection
2024-05-29 19:16:34.708 ERROR database.ConnectionDDBB.closeConnection(ConnectionDDBB.java:89) logdb ### The connection has been closed
2024-05-29 19:22:22.093 INFO  database.ConnectionDDBB.obtainConnection(ConnectionDDBB.java:22) logdb ### Attempt {} to connect to the database
2024-05-29 19:22:26.356 INFO  database.ConnectionDDBB.obtainConnection(ConnectionDDBB.java:34) logdb ### Connection obtained in the attemp: 0
2024-05-29 19:22:26.359 INFO  database.ConnectionDDBB.obtainConnection(ConnectionDDBB.java:22) logdb ### Attempt {} to connect to the database
2024-05-29 19:22:27.667 INFO  database.ConnectionDDBB.obtainConnection(ConnectionDDBB.java:34) logdb ### Connection obtained in the attemp: 0
2024-05-29 19:22:27.938 INFO  database.ConnectionDDBB.closeConnection(ConnectionDDBB.java:80) logdb ### Closing the connection
2024-05-29 19:22:27.938 ERROR database.ConnectionDDBB.closeConnection(ConnectionDDBB.java:89) logdb ### The connection has been closed
2024-05-29 19:22:27.975 INFO  database.ConnectionDDBB.obtainConnection(ConnectionDDBB.java:22) logdb ### Attempt {} to connect to the database
2024-05-29 19:22:28.383 INFO  database.ConnectionDDBB.obtainConnection(ConnectionDDBB.java:34) logdb ### Connection obtained in the attemp: 0
2024-05-29 19:22:28.497 INFO  database.ConnectionDDBB.closeConnection(ConnectionDDBB.java:80) logdb ### Closing the connection
2024-05-29 19:22:28.498 ERROR database.ConnectionDDBB.closeConnection(ConnectionDDBB.java:89) logdb ### The connection has been closed
2024-05-29 19:22:36.055 INFO  database.ConnectionDDBB.obtainConnection(ConnectionDDBB.java:22) logdb ### Attempt {} to connect to the database
2024-05-29 19:22:36.429 INFO  database.ConnectionDDBB.obtainConnection(ConnectionDDBB.java:34) logdb ### Connection obtained in the attemp: 0
2024-05-29 19:22:42.006 INFO  database.ConnectionDDBB.obtainConnection(ConnectionDDBB.java:22) logdb ### Attempt {} to connect to the database
2024-05-29 19:22:44.248 INFO  database.ConnectionDDBB.obtainConnection(ConnectionDDBB.java:34) logdb ### Connection obtained in the attemp: 0
2024-05-29 19:22:54.305 INFO  database.ConnectionDDBB.obtainConnection(ConnectionDDBB.java:22) logdb ### Attempt {} to connect to the database
2024-05-29 19:22:56.630 INFO  database.ConnectionDDBB.obtainConnection(ConnectionDDBB.java:34) logdb ### Connection obtained in the attemp: 0
2024-05-29 19:22:56.964 INFO  database.ConnectionDDBB.closeConnection(ConnectionDDBB.java:80) logdb ### Closing the connection
2024-05-29 19:22:56.964 ERROR database.ConnectionDDBB.closeConnection(ConnectionDDBB.java:89) logdb ### The connection has been closed
2024-05-29 19:23:10.806 INFO  database.ConnectionDDBB.obtainConnection(ConnectionDDBB.java:22) logdb ### Attempt {} to connect to the database
2024-05-29 19:23:11.034 INFO  database.ConnectionDDBB.obtainConnection(ConnectionDDBB.java:34) logdb ### Connection obtained in the attemp: 0
2024-05-29 19:23:11.158 INFO  database.ConnectionDDBB.closeConnection(ConnectionDDBB.java:80) logdb ### Closing the connection
2024-05-29 19:23:11.158 ERROR database.ConnectionDDBB.closeConnection(ConnectionDDBB.java:89) logdb ### The connection has been closed
2024-05-29 19:23:13.113 INFO  database.ConnectionDDBB.obtainConnection(ConnectionDDBB.java:22) logdb ### Attempt {} to connect to the database
2024-05-29 19:23:13.583 INFO  database.ConnectionDDBB.obtainConnection(ConnectionDDBB.java:34) logdb ### Connection obtained in the attemp: 0
2024-05-29 19:23:13.683 INFO  database.ConnectionDDBB.closeConnection(ConnectionDDBB.java:80) logdb ### Closing the connection
2024-05-29 19:23:13.683 ERROR database.ConnectionDDBB.closeConnection(ConnectionDDBB.java:89) logdb ### The connection has been closed
2024-05-29 19:23:14.564 INFO  database.ConnectionDDBB.obtainConnection(ConnectionDDBB.java:22) logdb ### Attempt {} to connect to the database
2024-05-29 19:23:15.060 INFO  database.ConnectionDDBB.obtainConnection(ConnectionDDBB.java:34) logdb ### Connection obtained in the attemp: 0
2024-05-29 19:23:15.177 INFO  database.ConnectionDDBB.closeConnection(ConnectionDDBB.java:80) logdb ### Closing the connection
2024-05-29 19:23:15.184 ERROR database.ConnectionDDBB.closeConnection(ConnectionDDBB.java:89) logdb ### The connection has been closed
2024-05-29 19:23:18.400 INFO  database.ConnectionDDBB.obtainConnection(ConnectionDDBB.java:22) logdb ### Attempt {} to connect to the database
2024-05-29 19:23:18.848 INFO  database.ConnectionDDBB.obtainConnection(ConnectionDDBB.java:34) logdb ### Connection obtained in the attemp: 0
2024-05-29 19:23:18.974 INFO  database.ConnectionDDBB.closeConnection(ConnectionDDBB.java:80) logdb ### Closing the connection
2024-05-29 19:23:18.974 ERROR database.ConnectionDDBB.closeConnection(ConnectionDDBB.java:89) logdb ### The connection has been closed
2024-05-29 19:23:21.660 INFO  database.ConnectionDDBB.obtainConnection(ConnectionDDBB.java:22) logdb ### Attempt {} to connect to the database
2024-05-29 19:23:21.859 INFO  database.ConnectionDDBB.obtainConnection(ConnectionDDBB.java:34) logdb ### Connection obtained in the attemp: 0
2024-05-29 19:24:17.478 INFO  database.ConnectionDDBB.obtainConnection(ConnectionDDBB.java:22) logdb ### Attempt {} to connect to the database
2024-05-29 19:24:19.858 INFO  database.ConnectionDDBB.obtainConnection(ConnectionDDBB.java:34) logdb ### Connection obtained in the attemp: 0
2024-05-29 19:24:19.861 INFO  database.ConnectionDDBB.obtainConnection(ConnectionDDBB.java:22) logdb ### Attempt {} to connect to the database
2024-05-29 19:24:21.184 INFO  database.ConnectionDDBB.obtainConnection(ConnectionDDBB.java:34) logdb ### Connection obtained in the attemp: 0
2024-05-29 19:24:21.323 INFO  database.ConnectionDDBB.closeConnection(ConnectionDDBB.java:80) logdb ### Closing the connection
2024-05-29 19:24:21.323 ERROR database.ConnectionDDBB.closeConnection(ConnectionDDBB.java:89) logdb ### The connection has been closed
2024-05-29 19:24:21.884 INFO  database.ConnectionDDBB.obtainConnection(ConnectionDDBB.java:22) logdb ### Attempt {} to connect to the database
2024-05-29 19:24:22.458 INFO  database.ConnectionDDBB.obtainConnection(ConnectionDDBB.java:34) logdb ### Connection obtained in the attemp: 0
2024-05-29 19:24:22.575 INFO  database.ConnectionDDBB.closeConnection(ConnectionDDBB.java:80) logdb ### Closing the connection
2024-05-29 19:24:22.575 ERROR database.ConnectionDDBB.closeConnection(ConnectionDDBB.java:89) logdb ### The connection has been closed
2024-05-29 19:24:22.893 INFO  database.ConnectionDDBB.obtainConnection(ConnectionDDBB.java:22) logdb ### Attempt {} to connect to the database
2024-05-29 19:24:23.077 INFO  database.ConnectionDDBB.obtainConnection(ConnectionDDBB.java:34) logdb ### Connection obtained in the attemp: 0
2024-05-29 19:24:23.174 INFO  database.ConnectionDDBB.closeConnection(ConnectionDDBB.java:80) logdb ### Closing the connection
2024-05-29 19:24:23.174 ERROR database.ConnectionDDBB.closeConnection(ConnectionDDBB.java:89) logdb ### The connection has been closed
2024-05-29 19:24:23.798 INFO  database.ConnectionDDBB.obtainConnection(ConnectionDDBB.java:22) logdb ### Attempt {} to connect to the database
2024-05-29 19:24:23.977 INFO  database.ConnectionDDBB.obtainConnection(ConnectionDDBB.java:34) logdb ### Connection obtained in the attemp: 0
2024-05-29 19:24:24.336 INFO  database.ConnectionDDBB.obtainConnection(ConnectionDDBB.java:22) logdb ### Attempt {} to connect to the database
2024-05-29 19:24:24.346 INFO  database.ConnectionDDBB.closeConnection(ConnectionDDBB.java:80) logdb ### Closing the connection
2024-05-29 19:24:24.346 ERROR database.ConnectionDDBB.closeConnection(ConnectionDDBB.java:89) logdb ### The connection has been closed
2024-05-29 19:24:25.780 INFO  database.ConnectionDDBB.obtainConnection(ConnectionDDBB.java:34) logdb ### Connection obtained in the attemp: 0
2024-05-29 19:24:25.880 INFO  database.ConnectionDDBB.closeConnection(ConnectionDDBB.java:80) logdb ### Closing the connection
2024-05-29 19:24:25.880 ERROR database.ConnectionDDBB.closeConnection(ConnectionDDBB.java:89) logdb ### The connection has been closed
2024-05-29 19:24:27.241 INFO  database.ConnectionDDBB.obtainConnection(ConnectionDDBB.java:22) logdb ### Attempt {} to connect to the database
2024-05-29 19:24:27.444 INFO  database.ConnectionDDBB.obtainConnection(ConnectionDDBB.java:34) logdb ### Connection obtained in the attemp: 0
2024-05-29 19:24:27.578 INFO  database.ConnectionDDBB.closeConnection(ConnectionDDBB.java:80) logdb ### Closing the connection
2024-05-29 19:24:27.578 ERROR database.ConnectionDDBB.closeConnection(ConnectionDDBB.java:89) logdb ### The connection has been closed
2024-05-29 19:24:31.010 INFO  database.ConnectionDDBB.obtainConnection(ConnectionDDBB.java:22) logdb ### Attempt {} to connect to the database
2024-05-29 19:24:31.209 INFO  database.ConnectionDDBB.obtainConnection(ConnectionDDBB.java:34) logdb ### Connection obtained in the attemp: 0
2024-05-29 19:27:33.315 INFO  database.ConnectionDDBB.obtainConnection(ConnectionDDBB.java:22) logdb ### Attempt {} to connect to the database
2024-05-29 19:27:36.563 INFO  database.ConnectionDDBB.obtainConnection(ConnectionDDBB.java:34) logdb ### Connection obtained in the attemp: 0
2024-05-29 19:27:36.567 INFO  database.ConnectionDDBB.obtainConnection(ConnectionDDBB.java:22) logdb ### Attempt {} to connect to the database
2024-05-29 19:27:37.659 INFO  database.ConnectionDDBB.obtainConnection(ConnectionDDBB.java:34) logdb ### Connection obtained in the attemp: 0
2024-05-29 19:27:37.829 INFO  database.ConnectionDDBB.closeConnection(ConnectionDDBB.java:80) logdb ### Closing the connection
2024-05-29 19:27:37.830 ERROR database.ConnectionDDBB.closeConnection(ConnectionDDBB.java:89) logdb ### The connection has been closed
2024-05-29 19:27:38.110 INFO  database.ConnectionDDBB.obtainConnection(ConnectionDDBB.java:22) logdb ### Attempt {} to connect to the database
2024-05-29 19:27:38.301 INFO  database.ConnectionDDBB.obtainConnection(ConnectionDDBB.java:34) logdb ### Connection obtained in the attemp: 0
2024-05-29 19:27:38.395 INFO  database.ConnectionDDBB.closeConnection(ConnectionDDBB.java:80) logdb ### Closing the connection
2024-05-29 19:27:38.395 ERROR database.ConnectionDDBB.closeConnection(ConnectionDDBB.java:89) logdb ### The connection has been closed
2024-05-29 19:27:39.321 INFO  database.ConnectionDDBB.obtainConnection(ConnectionDDBB.java:22) logdb ### Attempt {} to connect to the database
2024-05-29 19:27:39.501 INFO  database.ConnectionDDBB.obtainConnection(ConnectionDDBB.java:34) logdb ### Connection obtained in the attemp: 0
2024-05-29 19:27:39.600 INFO  database.ConnectionDDBB.closeConnection(ConnectionDDBB.java:80) logdb ### Closing the connection
2024-05-29 19:27:39.601 ERROR database.ConnectionDDBB.closeConnection(ConnectionDDBB.java:89) logdb ### The connection has been closed
2024-05-29 19:27:40.272 INFO  database.ConnectionDDBB.obtainConnection(ConnectionDDBB.java:22) logdb ### Attempt {} to connect to the database
2024-05-29 19:27:40.471 INFO  database.ConnectionDDBB.obtainConnection(ConnectionDDBB.java:34) logdb ### Connection obtained in the attemp: 0
2024-05-29 19:27:40.573 INFO  database.ConnectionDDBB.closeConnection(ConnectionDDBB.java:80) logdb ### Closing the connection
2024-05-29 19:27:40.574 ERROR database.ConnectionDDBB.closeConnection(ConnectionDDBB.java:89) logdb ### The connection has been closed
2024-05-29 19:27:41.237 INFO  database.ConnectionDDBB.obtainConnection(ConnectionDDBB.java:22) logdb ### Attempt {} to connect to the database
2024-05-29 19:27:41.427 INFO  database.ConnectionDDBB.obtainConnection(ConnectionDDBB.java:34) logdb ### Connection obtained in the attemp: 0
2024-05-29 19:27:41.528 INFO  database.ConnectionDDBB.closeConnection(ConnectionDDBB.java:80) logdb ### Closing the connection
2024-05-29 19:27:41.528 ERROR database.ConnectionDDBB.closeConnection(ConnectionDDBB.java:89) logdb ### The connection has been closed
2024-05-29 19:27:42.060 INFO  database.ConnectionDDBB.obtainConnection(ConnectionDDBB.java:22) logdb ### Attempt {} to connect to the database
2024-05-29 19:27:42.569 INFO  database.ConnectionDDBB.obtainConnection(ConnectionDDBB.java:34) logdb ### Connection obtained in the attemp: 0
2024-05-29 19:27:42.687 INFO  database.ConnectionDDBB.closeConnection(ConnectionDDBB.java:80) logdb ### Closing the connection
2024-05-29 19:27:42.687 ERROR database.ConnectionDDBB.closeConnection(ConnectionDDBB.java:89) logdb ### The connection has been closed
2024-05-29 19:27:47.204 INFO  database.ConnectionDDBB.obtainConnection(ConnectionDDBB.java:22) logdb ### Attempt {} to connect to the database
2024-05-29 19:27:47.394 INFO  database.ConnectionDDBB.obtainConnection(ConnectionDDBB.java:34) logdb ### Connection obtained in the attemp: 0
2024-05-29 19:27:50.442 INFO  database.ConnectionDDBB.obtainConnection(ConnectionDDBB.java:22) logdb ### Attempt {} to connect to the database
2024-05-29 19:27:51.387 INFO  database.ConnectionDDBB.obtainConnection(ConnectionDDBB.java:34) logdb ### Connection obtained in the attemp: 0
2024-05-29 19:27:51.484 INFO  database.ConnectionDDBB.obtainConnection(ConnectionDDBB.java:22) logdb ### Attempt {} to connect to the database
2024-05-29 19:27:52.466 INFO  database.ConnectionDDBB.obtainConnection(ConnectionDDBB.java:34) logdb ### Connection obtained in the attemp: 0
2024-05-29 19:27:52.852 INFO  database.ConnectionDDBB.obtainConnection(ConnectionDDBB.java:22) logdb ### Attempt {} to connect to the database
2024-05-29 19:27:54.618 INFO  database.ConnectionDDBB.obtainConnection(ConnectionDDBB.java:34) logdb ### Connection obtained in the attemp: 0
2024-05-29 19:28:01.749 INFO  database.ConnectionDDBB.obtainConnection(ConnectionDDBB.java:22) logdb ### Attempt {} to connect to the database
2024-05-29 19:28:03.033 INFO  database.ConnectionDDBB.obtainConnection(ConnectionDDBB.java:34) logdb ### Connection obtained in the attemp: 0
2024-05-29 19:28:03.132 INFO  database.ConnectionDDBB.obtainConnection(ConnectionDDBB.java:22) logdb ### Attempt {} to connect to the database
2024-05-29 19:28:04.252 INFO  database.ConnectionDDBB.obtainConnection(ConnectionDDBB.java:34) logdb ### Connection obtained in the attemp: 0
2024-05-29 19:28:13.782 INFO  database.ConnectionDDBB.obtainConnection(ConnectionDDBB.java:22) logdb ### Attempt {} to connect to the database
2024-05-29 19:28:15.218 INFO  database.ConnectionDDBB.obtainConnection(ConnectionDDBB.java:34) logdb ### Connection obtained in the attemp: 0
2024-05-29 19:28:15.320 INFO  database.ConnectionDDBB.closeConnection(ConnectionDDBB.java:80) logdb ### Closing the connection
2024-05-29 19:28:15.320 ERROR database.ConnectionDDBB.closeConnection(ConnectionDDBB.java:89) logdb ### The connection has been closed
2024-05-29 19:28:19.732 INFO  database.ConnectionDDBB.obtainConnection(ConnectionDDBB.java:22) logdb ### Attempt {} to connect to the database
2024-05-29 19:28:19.922 INFO  database.ConnectionDDBB.obtainConnection(ConnectionDDBB.java:34) logdb ### Connection obtained in the attemp: 0
2024-05-29 19:28:20.038 INFO  database.ConnectionDDBB.closeConnection(ConnectionDDBB.java:80) logdb ### Closing the connection
2024-05-29 19:28:20.038 ERROR database.ConnectionDDBB.closeConnection(ConnectionDDBB.java:89) logdb ### The connection has been closed
2024-05-29 19:28:22.174 INFO  database.ConnectionDDBB.obtainConnection(ConnectionDDBB.java:22) logdb ### Attempt {} to connect to the database
2024-05-29 19:28:22.390 INFO  database.ConnectionDDBB.obtainConnection(ConnectionDDBB.java:34) logdb ### Connection obtained in the attemp: 0
2024-05-29 19:28:22.485 INFO  database.ConnectionDDBB.closeConnection(ConnectionDDBB.java:80) logdb ### Closing the connection
2024-05-29 19:28:22.495 ERROR database.ConnectionDDBB.closeConnection(ConnectionDDBB.java:89) logdb ### The connection has been closed
2024-05-29 19:31:52.422 INFO  database.ConnectionDDBB.obtainConnection(ConnectionDDBB.java:22) logdb ### Attempt {} to connect to the database
2024-05-29 19:31:55.584 INFO  database.ConnectionDDBB.obtainConnection(ConnectionDDBB.java:34) logdb ### Connection obtained in the attemp: 0
2024-05-29 19:31:55.587 INFO  database.ConnectionDDBB.obtainConnection(ConnectionDDBB.java:22) logdb ### Attempt {} to connect to the database
2024-05-29 19:31:56.993 INFO  database.ConnectionDDBB.obtainConnection(ConnectionDDBB.java:34) logdb ### Connection obtained in the attemp: 0
2024-05-29 19:31:57.152 INFO  database.ConnectionDDBB.closeConnection(ConnectionDDBB.java:80) logdb ### Closing the connection
2024-05-29 19:31:57.152 ERROR database.ConnectionDDBB.closeConnection(ConnectionDDBB.java:89) logdb ### The connection has been closed
2024-05-29 19:31:57.364 INFO  database.ConnectionDDBB.obtainConnection(ConnectionDDBB.java:22) logdb ### Attempt {} to connect to the database
2024-05-29 19:31:57.562 INFO  database.ConnectionDDBB.obtainConnection(ConnectionDDBB.java:34) logdb ### Connection obtained in the attemp: 0
2024-05-29 19:31:58.284 INFO  database.ConnectionDDBB.closeConnection(ConnectionDDBB.java:80) logdb ### Closing the connection
2024-05-29 19:31:58.284 ERROR database.ConnectionDDBB.closeConnection(ConnectionDDBB.java:89) logdb ### The connection has been closed
2024-05-29 19:32:00.957 INFO  database.ConnectionDDBB.obtainConnection(ConnectionDDBB.java:22) logdb ### Attempt {} to connect to the database
2024-05-29 19:32:01.140 INFO  database.ConnectionDDBB.obtainConnection(ConnectionDDBB.java:34) logdb ### Connection obtained in the attemp: 0
2024-05-29 19:32:01.234 INFO  database.ConnectionDDBB.closeConnection(ConnectionDDBB.java:80) logdb ### Closing the connection
2024-05-29 19:32:01.234 ERROR database.ConnectionDDBB.closeConnection(ConnectionDDBB.java:89) logdb ### The connection has been closed
2024-05-29 19:32:05.195 INFO  database.ConnectionDDBB.obtainConnection(ConnectionDDBB.java:22) logdb ### Attempt {} to connect to the database
2024-05-29 19:32:05.671 INFO  database.ConnectionDDBB.obtainConnection(ConnectionDDBB.java:34) logdb ### Connection obtained in the attemp: 0
2024-05-29 19:32:09.365 INFO  database.ConnectionDDBB.obtainConnection(ConnectionDDBB.java:22) logdb ### Attempt {} to connect to the database
2024-05-29 19:32:10.583 INFO  database.ConnectionDDBB.obtainConnection(ConnectionDDBB.java:34) logdb ### Connection obtained in the attemp: 0
2024-05-29 19:32:20.526 INFO  database.ConnectionDDBB.obtainConnection(ConnectionDDBB.java:22) logdb ### Attempt {} to connect to the database
2024-05-29 19:32:21.864 INFO  database.ConnectionDDBB.obtainConnection(ConnectionDDBB.java:34) logdb ### Connection obtained in the attemp: 0
2024-05-29 19:32:21.965 INFO  database.ConnectionDDBB.obtainConnection(ConnectionDDBB.java:22) logdb ### Attempt {} to connect to the database
2024-05-29 19:32:23.323 INFO  database.ConnectionDDBB.obtainConnection(ConnectionDDBB.java:34) logdb ### Connection obtained in the attemp: 0
2024-05-29 19:32:29.244 INFO  database.ConnectionDDBB.obtainConnection(ConnectionDDBB.java:22) logdb ### Attempt {} to connect to the database
2024-05-29 19:32:31.277 INFO  database.ConnectionDDBB.obtainConnection(ConnectionDDBB.java:34) logdb ### Connection obtained in the attemp: 0
2024-05-29 19:32:31.427 INFO  database.ConnectionDDBB.obtainConnection(ConnectionDDBB.java:22) logdb ### Attempt {} to connect to the database
2024-05-29 19:32:34.623 INFO  database.ConnectionDDBB.obtainConnection(ConnectionDDBB.java:34) logdb ### Connection obtained in the attemp: 0
2024-05-29 19:32:34.745 INFO  database.ConnectionDDBB.obtainConnection(ConnectionDDBB.java:22) logdb ### Attempt {} to connect to the database
2024-05-29 19:32:35.973 INFO  database.ConnectionDDBB.obtainConnection(ConnectionDDBB.java:34) logdb ### Connection obtained in the attemp: 0
2024-05-29 19:32:44.151 INFO  database.ConnectionDDBB.obtainConnection(ConnectionDDBB.java:22) logdb ### Attempt {} to connect to the database
2024-05-29 19:32:45.597 INFO  database.ConnectionDDBB.obtainConnection(ConnectionDDBB.java:34) logdb ### Connection obtained in the attemp: 0
2024-05-29 19:32:45.693 INFO  database.ConnectionDDBB.obtainConnection(ConnectionDDBB.java:22) logdb ### Attempt {} to connect to the database
2024-05-29 19:32:46.695 INFO  database.ConnectionDDBB.obtainConnection(ConnectionDDBB.java:34) logdb ### Connection obtained in the attemp: 0
2024-05-29 19:32:49.211 INFO  database.ConnectionDDBB.obtainConnection(ConnectionDDBB.java:22) logdb ### Attempt {} to connect to the database
2024-05-29 19:32:51.454 INFO  database.ConnectionDDBB.obtainConnection(ConnectionDDBB.java:34) logdb ### Connection obtained in the attemp: 0
2024-05-29 19:32:51.568 INFO  database.ConnectionDDBB.obtainConnection(ConnectionDDBB.java:22) logdb ### Attempt {} to connect to the database
2024-05-29 19:32:52.877 INFO  database.ConnectionDDBB.obtainConnection(ConnectionDDBB.java:34) logdb ### Connection obtained in the attemp: 0
2024-05-29 19:32:55.466 INFO  database.ConnectionDDBB.obtainConnection(ConnectionDDBB.java:22) logdb ### Attempt {} to connect to the database
2024-05-29 19:32:56.509 INFO  database.ConnectionDDBB.obtainConnection(ConnectionDDBB.java:34) logdb ### Connection obtained in the attemp: 0
2024-05-29 19:32:56.605 INFO  database.ConnectionDDBB.closeConnection(ConnectionDDBB.java:80) logdb ### Closing the connection
2024-05-29 19:32:56.605 ERROR database.ConnectionDDBB.closeConnection(ConnectionDDBB.java:89) logdb ### The connection has been closed
2024-05-29 19:33:21.419 INFO  database.ConnectionDDBB.obtainConnection(ConnectionDDBB.java:22) logdb ### Attempt {} to connect to the database
2024-05-29 19:33:21.613 INFO  database.ConnectionDDBB.obtainConnection(ConnectionDDBB.java:34) logdb ### Connection obtained in the attemp: 0
2024-05-29 19:33:21.709 INFO  database.ConnectionDDBB.closeConnection(ConnectionDDBB.java:80) logdb ### Closing the connection
2024-05-29 19:33:21.710 ERROR database.ConnectionDDBB.closeConnection(ConnectionDDBB.java:89) logdb ### The connection has been closed
2024-05-29 19:33:24.263 INFO  database.ConnectionDDBB.obtainConnection(ConnectionDDBB.java:22) logdb ### Attempt {} to connect to the database
2024-05-29 19:33:24.455 INFO  database.ConnectionDDBB.obtainConnection(ConnectionDDBB.java:34) logdb ### Connection obtained in the attemp: 0
2024-05-29 19:33:24.556 INFO  database.ConnectionDDBB.closeConnection(ConnectionDDBB.java:80) logdb ### Closing the connection
2024-05-29 19:33:24.556 ERROR database.ConnectionDDBB.closeConnection(ConnectionDDBB.java:89) logdb ### The connection has been closed
2024-05-29 19:33:25.956 INFO  database.ConnectionDDBB.obtainConnection(ConnectionDDBB.java:22) logdb ### Attempt {} to connect to the database
2024-05-29 19:33:26.418 INFO  database.ConnectionDDBB.obtainConnection(ConnectionDDBB.java:34) logdb ### Connection obtained in the attemp: 0
2024-05-29 19:33:26.820 INFO  database.ConnectionDDBB.closeConnection(ConnectionDDBB.java:80) logdb ### Closing the connection
2024-05-29 19:33:26.820 ERROR database.ConnectionDDBB.closeConnection(ConnectionDDBB.java:89) logdb ### The connection has been closed
2024-05-29 19:33:30.310 INFO  database.ConnectionDDBB.obtainConnection(ConnectionDDBB.java:22) logdb ### Attempt {} to connect to the database
2024-05-29 19:33:30.500 INFO  database.ConnectionDDBB.obtainConnection(ConnectionDDBB.java:34) logdb ### Connection obtained in the attemp: 0
2024-05-29 19:33:48.773 INFO  database.ConnectionDDBB.obtainConnection(ConnectionDDBB.java:22) logdb ### Attempt {} to connect to the database
2024-05-29 19:33:49.988 INFO  database.ConnectionDDBB.obtainConnection(ConnectionDDBB.java:34) logdb ### Connection obtained in the attemp: 0
2024-05-29 19:33:50.082 INFO  database.ConnectionDDBB.obtainConnection(ConnectionDDBB.java:22) logdb ### Attempt {} to connect to the database
2024-05-29 19:33:51.100 INFO  database.ConnectionDDBB.obtainConnection(ConnectionDDBB.java:34) logdb ### Connection obtained in the attemp: 0
2024-05-29 19:33:51.191 INFO  database.ConnectionDDBB.obtainConnection(ConnectionDDBB.java:22) logdb ### Attempt {} to connect to the database
2024-05-29 19:33:52.166 INFO  database.ConnectionDDBB.obtainConnection(ConnectionDDBB.java:34) logdb ### Connection obtained in the attemp: 0
2024-05-29 19:33:52.267 INFO  database.ConnectionDDBB.obtainConnection(ConnectionDDBB.java:22) logdb ### Attempt {} to connect to the database
2024-05-29 19:33:53.783 INFO  database.ConnectionDDBB.obtainConnection(ConnectionDDBB.java:34) logdb ### Connection obtained in the attemp: 0
2024-05-29 19:34:37.318 INFO  database.ConnectionDDBB.obtainConnection(ConnectionDDBB.java:22) logdb ### Attempt {} to connect to the database
2024-05-29 19:34:39.007 INFO  database.ConnectionDDBB.obtainConnection(ConnectionDDBB.java:34) logdb ### Connection obtained in the attemp: 0
2024-05-29 19:34:39.107 INFO  database.ConnectionDDBB.closeConnection(ConnectionDDBB.java:80) logdb ### Closing the connection
2024-05-29 19:34:39.107 ERROR database.ConnectionDDBB.closeConnection(ConnectionDDBB.java:89) logdb ### The connection has been closed
2024-05-29 19:34:39.909 INFO  database.ConnectionDDBB.obtainConnection(ConnectionDDBB.java:22) logdb ### Attempt {} to connect to the database
2024-05-29 19:34:40.090 INFO  database.ConnectionDDBB.obtainConnection(ConnectionDDBB.java:34) logdb ### Connection obtained in the attemp: 0
2024-05-29 19:34:40.191 INFO  database.ConnectionDDBB.closeConnection(ConnectionDDBB.java:80) logdb ### Closing the connection
2024-05-29 19:34:40.191 ERROR database.ConnectionDDBB.closeConnection(ConnectionDDBB.java:89) logdb ### The connection has been closed
2024-05-29 19:34:42.029 INFO  database.ConnectionDDBB.obtainConnection(ConnectionDDBB.java:22) logdb ### Attempt {} to connect to the database
2024-05-29 19:34:42.244 INFO  database.ConnectionDDBB.obtainConnection(ConnectionDDBB.java:34) logdb ### Connection obtained in the attemp: 0
2024-05-29 19:34:42.374 INFO  database.ConnectionDDBB.closeConnection(ConnectionDDBB.java:80) logdb ### Closing the connection
2024-05-29 19:34:42.374 ERROR database.ConnectionDDBB.closeConnection(ConnectionDDBB.java:89) logdb ### The connection has been closed
2024-05-29 19:44:58.347 INFO  database.ConnectionDDBB.obtainConnection(ConnectionDDBB.java:22) logdb ### Attempt {} to connect to the database
2024-05-29 19:45:02.795 INFO  database.ConnectionDDBB.obtainConnection(ConnectionDDBB.java:34) logdb ### Connection obtained in the attemp: 0
2024-05-29 19:45:02.798 INFO  database.ConnectionDDBB.obtainConnection(ConnectionDDBB.java:22) logdb ### Attempt {} to connect to the database
2024-05-29 19:45:05.377 INFO  database.ConnectionDDBB.obtainConnection(ConnectionDDBB.java:34) logdb ### Connection obtained in the attemp: 0
2024-05-29 19:45:05.534 INFO  database.ConnectionDDBB.closeConnection(ConnectionDDBB.java:80) logdb ### Closing the connection
2024-05-29 19:45:05.534 ERROR database.ConnectionDDBB.closeConnection(ConnectionDDBB.java:89) logdb ### The connection has been closed
2024-05-29 19:45:06.566 INFO  database.ConnectionDDBB.obtainConnection(ConnectionDDBB.java:22) logdb ### Attempt {} to connect to the database
2024-05-29 19:45:06.788 INFO  database.ConnectionDDBB.obtainConnection(ConnectionDDBB.java:34) logdb ### Connection obtained in the attemp: 0
2024-05-29 19:45:07.339 INFO  database.ConnectionDDBB.closeConnection(ConnectionDDBB.java:80) logdb ### Closing the connection
2024-05-29 19:45:07.340 ERROR database.ConnectionDDBB.closeConnection(ConnectionDDBB.java:89) logdb ### The connection has been closed
2024-05-29 19:45:11.242 INFO  database.ConnectionDDBB.obtainConnection(ConnectionDDBB.java:22) logdb ### Attempt {} to connect to the database
2024-05-29 19:45:11.892 INFO  database.ConnectionDDBB.obtainConnection(ConnectionDDBB.java:34) logdb ### Connection obtained in the attemp: 0
2024-05-29 19:45:12.042 INFO  database.ConnectionDDBB.closeConnection(ConnectionDDBB.java:80) logdb ### Closing the connection
2024-05-29 19:45:12.042 ERROR database.ConnectionDDBB.closeConnection(ConnectionDDBB.java:89) logdb ### The connection has been closed
2024-05-29 19:45:13.665 INFO  database.ConnectionDDBB.obtainConnection(ConnectionDDBB.java:22) logdb ### Attempt {} to connect to the database
2024-05-29 19:45:13.879 INFO  database.ConnectionDDBB.obtainConnection(ConnectionDDBB.java:34) logdb ### Connection obtained in the attemp: 0
2024-05-29 19:45:13.992 INFO  database.ConnectionDDBB.closeConnection(ConnectionDDBB.java:80) logdb ### Closing the connection
2024-05-29 19:45:13.992 ERROR database.ConnectionDDBB.closeConnection(ConnectionDDBB.java:89) logdb ### The connection has been closed
2024-05-29 19:45:15.309 INFO  database.ConnectionDDBB.obtainConnection(ConnectionDDBB.java:22) logdb ### Attempt {} to connect to the database
2024-05-29 19:45:15.532 INFO  database.ConnectionDDBB.obtainConnection(ConnectionDDBB.java:34) logdb ### Connection obtained in the attemp: 0
2024-05-29 19:45:15.645 INFO  database.ConnectionDDBB.closeConnection(ConnectionDDBB.java:80) logdb ### Closing the connection
2024-05-29 19:45:15.645 ERROR database.ConnectionDDBB.closeConnection(ConnectionDDBB.java:89) logdb ### The connection has been closed
2024-05-29 19:45:16.933 INFO  database.ConnectionDDBB.obtainConnection(ConnectionDDBB.java:22) logdb ### Attempt {} to connect to the database
2024-05-29 19:45:17.155 INFO  database.ConnectionDDBB.obtainConnection(ConnectionDDBB.java:34) logdb ### Connection obtained in the attemp: 0
2024-05-29 19:45:17.268 INFO  database.ConnectionDDBB.closeConnection(ConnectionDDBB.java:80) logdb ### Closing the connection
2024-05-29 19:45:17.268 ERROR database.ConnectionDDBB.closeConnection(ConnectionDDBB.java:89) logdb ### The connection has been closed
2024-05-29 19:45:27.710 INFO  database.ConnectionDDBB.obtainConnection(ConnectionDDBB.java:22) logdb ### Attempt {} to connect to the database
2024-05-29 19:45:27.942 INFO  database.ConnectionDDBB.obtainConnection(ConnectionDDBB.java:34) logdb ### Connection obtained in the attemp: 0
2024-05-29 19:45:32.034 INFO  database.ConnectionDDBB.obtainConnection(ConnectionDDBB.java:22) logdb ### Attempt {} to connect to the database
2024-05-29 19:45:33.815 INFO  database.ConnectionDDBB.obtainConnection(ConnectionDDBB.java:34) logdb ### Connection obtained in the attemp: 0
2024-05-29 19:45:33.948 INFO  database.ConnectionDDBB.obtainConnection(ConnectionDDBB.java:22) logdb ### Attempt {} to connect to the database
2024-05-29 19:45:36.332 INFO  database.ConnectionDDBB.obtainConnection(ConnectionDDBB.java:34) logdb ### Connection obtained in the attemp: 0
2024-05-29 19:45:40.675 INFO  database.ConnectionDDBB.obtainConnection(ConnectionDDBB.java:22) logdb ### Attempt {} to connect to the database
2024-05-29 19:45:42.542 INFO  database.ConnectionDDBB.obtainConnection(ConnectionDDBB.java:34) logdb ### Connection obtained in the attemp: 0
2024-05-29 19:45:42.659 INFO  database.ConnectionDDBB.obtainConnection(ConnectionDDBB.java:22) logdb ### Attempt {} to connect to the database
2024-05-29 19:45:44.494 INFO  database.ConnectionDDBB.obtainConnection(ConnectionDDBB.java:34) logdb ### Connection obtained in the attemp: 0
2024-05-29 19:45:44.592 INFO  database.ConnectionDDBB.obtainConnection(ConnectionDDBB.java:22) logdb ### Attempt {} to connect to the database
2024-05-29 19:45:46.678 INFO  database.ConnectionDDBB.obtainConnection(ConnectionDDBB.java:34) logdb ### Connection obtained in the attemp: 0
2024-05-29 19:45:57.608 INFO  database.ConnectionDDBB.obtainConnection(ConnectionDDBB.java:22) logdb ### Attempt {} to connect to the database
2024-05-29 19:45:59.476 INFO  database.ConnectionDDBB.obtainConnection(ConnectionDDBB.java:34) logdb ### Connection obtained in the attemp: 0
2024-05-29 19:45:59.592 INFO  database.ConnectionDDBB.obtainConnection(ConnectionDDBB.java:22) logdb ### Attempt {} to connect to the database
2024-05-29 19:46:01.800 INFO  database.ConnectionDDBB.obtainConnection(ConnectionDDBB.java:34) logdb ### Connection obtained in the attemp: 0
2024-05-29 19:46:01.920 INFO  database.ConnectionDDBB.obtainConnection(ConnectionDDBB.java:22) logdb ### Attempt {} to connect to the database
2024-05-29 19:46:03.293 INFO  database.ConnectionDDBB.obtainConnection(ConnectionDDBB.java:34) logdb ### Connection obtained in the attemp: 0
2024-05-29 19:46:03.376 INFO  database.ConnectionDDBB.obtainConnection(ConnectionDDBB.java:22) logdb ### Attempt {} to connect to the database
2024-05-29 19:46:05.395 INFO  database.ConnectionDDBB.obtainConnection(ConnectionDDBB.java:34) logdb ### Connection obtained in the attemp: 0
2024-05-29 19:46:09.608 INFO  database.ConnectionDDBB.obtainConnection(ConnectionDDBB.java:22) logdb ### Attempt {} to connect to the database
2024-05-29 19:46:12.593 INFO  database.ConnectionDDBB.obtainConnection(ConnectionDDBB.java:34) logdb ### Connection obtained in the attemp: 0
2024-05-29 19:46:12.593 INFO  database.ConnectionDDBB.obtainConnection(ConnectionDDBB.java:22) logdb ### Attempt {} to connect to the database
2024-05-29 19:46:14.288 INFO  database.ConnectionDDBB.obtainConnection(ConnectionDDBB.java:34) logdb ### Connection obtained in the attemp: 0
2024-05-29 19:46:25.577 INFO  database.ConnectionDDBB.obtainConnection(ConnectionDDBB.java:22) logdb ### Attempt {} to connect to the database
2024-05-29 19:46:26.979 INFO  database.ConnectionDDBB.obtainConnection(ConnectionDDBB.java:34) logdb ### Connection obtained in the attemp: 0
2024-05-29 19:46:27.109 INFO  database.ConnectionDDBB.closeConnection(ConnectionDDBB.java:80) logdb ### Closing the connection
2024-05-29 19:46:27.109 ERROR database.ConnectionDDBB.closeConnection(ConnectionDDBB.java:89) logdb ### The connection has been closed
2024-05-29 19:46:29.969 INFO  database.ConnectionDDBB.obtainConnection(ConnectionDDBB.java:22) logdb ### Attempt {} to connect to the database
2024-05-29 19:46:30.179 INFO  database.ConnectionDDBB.obtainConnection(ConnectionDDBB.java:34) logdb ### Connection obtained in the attemp: 0
2024-05-29 19:46:30.289 INFO  database.ConnectionDDBB.closeConnection(ConnectionDDBB.java:80) logdb ### Closing the connection
2024-05-29 19:46:30.291 ERROR database.ConnectionDDBB.closeConnection(ConnectionDDBB.java:89) logdb ### The connection has been closed
2024-05-29 19:46:31.507 INFO  database.ConnectionDDBB.obtainConnection(ConnectionDDBB.java:22) logdb ### Attempt {} to connect to the database
2024-05-29 19:46:32.228 INFO  database.ConnectionDDBB.obtainConnection(ConnectionDDBB.java:34) logdb ### Connection obtained in the attemp: 0
2024-05-29 19:46:32.328 INFO  database.ConnectionDDBB.closeConnection(ConnectionDDBB.java:80) logdb ### Closing the connection
2024-05-29 19:46:32.328 ERROR database.ConnectionDDBB.closeConnection(ConnectionDDBB.java:89) logdb ### The connection has been closed
2024-05-29 19:46:53.660 INFO  database.ConnectionDDBB.obtainConnection(ConnectionDDBB.java:22) logdb ### Attempt {} to connect to the database
2024-05-29 19:46:53.856 INFO  database.ConnectionDDBB.obtainConnection(ConnectionDDBB.java:34) logdb ### Connection obtained in the attemp: 0
2024-05-29 19:46:53.870 INFO  database.ConnectionDDBB.obtainConnection(ConnectionDDBB.java:22) logdb ### Attempt {} to connect to the database
2024-05-29 19:46:55.981 INFO  database.ConnectionDDBB.obtainConnection(ConnectionDDBB.java:34) logdb ### Connection obtained in the attemp: 0
2024-05-29 19:46:56.103 INFO  database.ConnectionDDBB.closeConnection(ConnectionDDBB.java:80) logdb ### Closing the connection
2024-05-29 19:46:56.103 ERROR database.ConnectionDDBB.closeConnection(ConnectionDDBB.java:89) logdb ### The connection has been closed
2024-05-29 19:46:57.249 INFO  database.ConnectionDDBB.obtainConnection(ConnectionDDBB.java:22) logdb ### Attempt {} to connect to the database
2024-05-29 19:46:58.064 INFO  database.ConnectionDDBB.obtainConnection(ConnectionDDBB.java:34) logdb ### Connection obtained in the attemp: 0
2024-05-29 19:46:58.184 INFO  database.ConnectionDDBB.closeConnection(ConnectionDDBB.java:80) logdb ### Closing the connection
2024-05-29 19:46:58.184 ERROR database.ConnectionDDBB.closeConnection(ConnectionDDBB.java:89) logdb ### The connection has been closed
2024-05-29 19:46:59.331 INFO  database.ConnectionDDBB.obtainConnection(ConnectionDDBB.java:22) logdb ### Attempt {} to connect to the database
2024-05-29 19:46:59.637 INFO  database.ConnectionDDBB.obtainConnection(ConnectionDDBB.java:34) logdb ### Connection obtained in the attemp: 0
2024-05-29 19:46:59.782 INFO  database.ConnectionDDBB.closeConnection(ConnectionDDBB.java:80) logdb ### Closing the connection
2024-05-29 19:46:59.782 ERROR database.ConnectionDDBB.closeConnection(ConnectionDDBB.java:89) logdb ### The connection has been closed
2024-05-29 19:46:59.782 INFO  database.ConnectionDDBB.obtainConnection(ConnectionDDBB.java:22) logdb ### Attempt {} to connect to the database
2024-05-29 19:47:00.012 INFO  database.ConnectionDDBB.obtainConnection(ConnectionDDBB.java:34) logdb ### Connection obtained in the attemp: 0
2024-05-29 19:47:00.543 INFO  database.ConnectionDDBB.closeConnection(ConnectionDDBB.java:80) logdb ### Closing the connection
2024-05-29 19:47:00.543 ERROR database.ConnectionDDBB.closeConnection(ConnectionDDBB.java:89) logdb ### The connection has been closed
2024-05-29 19:47:00.543 INFO  database.ConnectionDDBB.obtainConnection(ConnectionDDBB.java:22) logdb ### Attempt {} to connect to the database
2024-05-29 19:47:00.886 INFO  database.ConnectionDDBB.obtainConnection(ConnectionDDBB.java:34) logdb ### Connection obtained in the attemp: 0
2024-05-29 19:47:01.013 INFO  database.ConnectionDDBB.closeConnection(ConnectionDDBB.java:80) logdb ### Closing the connection
2024-05-29 19:47:01.013 ERROR database.ConnectionDDBB.closeConnection(ConnectionDDBB.java:89) logdb ### The connection has been closed
2024-05-29 19:47:01.013 INFO  database.ConnectionDDBB.obtainConnection(ConnectionDDBB.java:22) logdb ### Attempt {} to connect to the database
2024-05-29 19:47:01.262 INFO  database.ConnectionDDBB.obtainConnection(ConnectionDDBB.java:34) logdb ### Connection obtained in the attemp: 0
2024-05-29 19:47:01.262 INFO  database.ConnectionDDBB.obtainConnection(ConnectionDDBB.java:22) logdb ### Attempt {} to connect to the database
2024-05-29 19:47:03.014 INFO  database.ConnectionDDBB.obtainConnection(ConnectionDDBB.java:34) logdb ### Connection obtained in the attemp: 0
2024-05-29 19:47:03.160 INFO  database.ConnectionDDBB.closeConnection(ConnectionDDBB.java:80) logdb ### Closing the connection
2024-05-29 19:47:03.160 ERROR database.ConnectionDDBB.closeConnection(ConnectionDDBB.java:89) logdb ### The connection has been closed
2024-05-29 19:47:06.550 INFO  database.ConnectionDDBB.obtainConnection(ConnectionDDBB.java:22) logdb ### Attempt {} to connect to the database
2024-05-29 19:47:06.768 INFO  database.ConnectionDDBB.obtainConnection(ConnectionDDBB.java:34) logdb ### Connection obtained in the attemp: 0
2024-05-29 19:47:06.881 INFO  database.ConnectionDDBB.closeConnection(ConnectionDDBB.java:80) logdb ### Closing the connection
2024-05-29 19:47:06.881 ERROR database.ConnectionDDBB.closeConnection(ConnectionDDBB.java:89) logdb ### The connection has been closed
2024-05-29 19:47:08.380 INFO  database.ConnectionDDBB.obtainConnection(ConnectionDDBB.java:22) logdb ### Attempt {} to connect to the database
2024-05-29 19:47:09.306 INFO  database.ConnectionDDBB.obtainConnection(ConnectionDDBB.java:34) logdb ### Connection obtained in the attemp: 0
2024-05-29 19:47:09.405 INFO  database.ConnectionDDBB.closeConnection(ConnectionDDBB.java:80) logdb ### Closing the connection
2024-05-29 19:47:09.405 ERROR database.ConnectionDDBB.closeConnection(ConnectionDDBB.java:89) logdb ### The connection has been closed
2024-05-29 19:47:09.406 INFO  database.ConnectionDDBB.obtainConnection(ConnectionDDBB.java:22) logdb ### Attempt {} to connect to the database
2024-05-29 19:47:10.228 INFO  database.ConnectionDDBB.obtainConnection(ConnectionDDBB.java:34) logdb ### Connection obtained in the attemp: 0
2024-05-29 19:47:10.330 INFO  database.ConnectionDDBB.closeConnection(ConnectionDDBB.java:80) logdb ### Closing the connection
2024-05-29 19:47:10.330 ERROR database.ConnectionDDBB.closeConnection(ConnectionDDBB.java:89) logdb ### The connection has been closed
2024-05-29 19:47:10.330 INFO  database.ConnectionDDBB.obtainConnection(ConnectionDDBB.java:22) logdb ### Attempt {} to connect to the database
2024-05-29 19:47:10.837 INFO  database.ConnectionDDBB.obtainConnection(ConnectionDDBB.java:34) logdb ### Connection obtained in the attemp: 0
2024-05-29 19:47:10.932 INFO  database.ConnectionDDBB.closeConnection(ConnectionDDBB.java:80) logdb ### Closing the connection
2024-05-29 19:47:10.932 ERROR database.ConnectionDDBB.closeConnection(ConnectionDDBB.java:89) logdb ### The connection has been closed
2024-05-29 19:47:10.932 INFO  database.ConnectionDDBB.obtainConnection(ConnectionDDBB.java:22) logdb ### Attempt {} to connect to the database
2024-05-29 19:47:11.444 INFO  database.ConnectionDDBB.obtainConnection(ConnectionDDBB.java:34) logdb ### Connection obtained in the attemp: 0
2024-05-29 19:47:11.444 INFO  database.ConnectionDDBB.obtainConnection(ConnectionDDBB.java:22) logdb ### Attempt {} to connect to the database
2024-05-29 19:47:14.318 INFO  database.ConnectionDDBB.obtainConnection(ConnectionDDBB.java:34) logdb ### Connection obtained in the attemp: 0
2024-05-29 19:47:14.439 INFO  database.ConnectionDDBB.closeConnection(ConnectionDDBB.java:80) logdb ### Closing the connection
2024-05-29 19:47:14.439 ERROR database.ConnectionDDBB.closeConnection(ConnectionDDBB.java:89) logdb ### The connection has been closed
2024-05-29 19:47:26.780 INFO  database.ConnectionDDBB.obtainConnection(ConnectionDDBB.java:22) logdb ### Attempt {} to connect to the database
2024-05-29 19:47:27.232 INFO  database.ConnectionDDBB.obtainConnection(ConnectionDDBB.java:34) logdb ### Connection obtained in the attemp: 0
2024-05-29 19:47:27.232 INFO  database.ConnectionDDBB.obtainConnection(ConnectionDDBB.java:22) logdb ### Attempt {} to connect to the database
2024-05-29 19:47:29.805 INFO  database.ConnectionDDBB.obtainConnection(ConnectionDDBB.java:34) logdb ### Connection obtained in the attemp: 0
2024-05-29 19:47:30.584 INFO  database.ConnectionDDBB.closeConnection(ConnectionDDBB.java:80) logdb ### Closing the connection
2024-05-29 19:47:30.585 ERROR database.ConnectionDDBB.closeConnection(ConnectionDDBB.java:89) logdb ### The connection has been closed
2024-05-29 19:47:30.607 INFO  database.ConnectionDDBB.obtainConnection(ConnectionDDBB.java:22) logdb ### Attempt {} to connect to the database
2024-05-29 19:47:32.746 INFO  database.ConnectionDDBB.obtainConnection(ConnectionDDBB.java:34) logdb ### Connection obtained in the attemp: 0
2024-05-29 19:47:32.853 INFO  database.ConnectionDDBB.closeConnection(ConnectionDDBB.java:80) logdb ### Closing the connection
2024-05-29 19:47:32.853 ERROR database.ConnectionDDBB.closeConnection(ConnectionDDBB.java:89) logdb ### The connection has been closed
2024-05-29 19:47:33.750 INFO  database.ConnectionDDBB.obtainConnection(ConnectionDDBB.java:22) logdb ### Attempt {} to connect to the database
2024-05-29 19:47:34.221 INFO  database.ConnectionDDBB.obtainConnection(ConnectionDDBB.java:34) logdb ### Connection obtained in the attemp: 0
2024-05-29 19:47:34.355 INFO  database.ConnectionDDBB.closeConnection(ConnectionDDBB.java:80) logdb ### Closing the connection
2024-05-29 19:47:34.369 ERROR database.ConnectionDDBB.closeConnection(ConnectionDDBB.java:89) logdb ### The connection has been closed
2024-05-29 19:47:45.170 INFO  database.ConnectionDDBB.obtainConnection(ConnectionDDBB.java:22) logdb ### Attempt {} to connect to the database
2024-05-29 19:47:45.372 INFO  database.ConnectionDDBB.obtainConnection(ConnectionDDBB.java:34) logdb ### Connection obtained in the attemp: 0
2024-05-29 19:47:45.618 INFO  database.ConnectionDDBB.obtainConnection(ConnectionDDBB.java:22) logdb ### Attempt {} to connect to the database
2024-05-29 19:47:49.868 INFO  database.ConnectionDDBB.obtainConnection(ConnectionDDBB.java:34) logdb ### Connection obtained in the attemp: 0
2024-05-29 19:47:49.972 INFO  database.ConnectionDDBB.closeConnection(ConnectionDDBB.java:80) logdb ### Closing the connection
2024-05-29 19:47:49.972 ERROR database.ConnectionDDBB.closeConnection(ConnectionDDBB.java:89) logdb ### The connection has been closed
2024-05-29 19:47:58.546 INFO  database.ConnectionDDBB.obtainConnection(ConnectionDDBB.java:22) logdb ### Attempt {} to connect to the database
2024-05-29 19:47:58.750 INFO  database.ConnectionDDBB.obtainConnection(ConnectionDDBB.java:34) logdb ### Connection obtained in the attemp: 0
2024-05-29 19:47:58.751 INFO  database.ConnectionDDBB.obtainConnection(ConnectionDDBB.java:22) logdb ### Attempt {} to connect to the database
2024-05-29 19:48:01.703 INFO  database.ConnectionDDBB.obtainConnection(ConnectionDDBB.java:34) logdb ### Connection obtained in the attemp: 0
2024-05-29 19:48:01.887 INFO  database.ConnectionDDBB.closeConnection(ConnectionDDBB.java:80) logdb ### Closing the connection
2024-05-29 19:48:01.887 ERROR database.ConnectionDDBB.closeConnection(ConnectionDDBB.java:89) logdb ### The connection has been closed
2024-05-29 19:48:01.913 INFO  database.ConnectionDDBB.obtainConnection(ConnectionDDBB.java:22) logdb ### Attempt {} to connect to the database
2024-05-29 19:48:03.478 INFO  database.ConnectionDDBB.obtainConnection(ConnectionDDBB.java:34) logdb ### Connection obtained in the attemp: 0
2024-05-29 19:48:03.641 INFO  database.ConnectionDDBB.obtainConnection(ConnectionDDBB.java:22) logdb ### Attempt {} to connect to the database
2024-05-29 19:48:03.785 INFO  database.ConnectionDDBB.closeConnection(ConnectionDDBB.java:80) logdb ### Closing the connection
2024-05-29 19:48:03.785 ERROR database.ConnectionDDBB.closeConnection(ConnectionDDBB.java:89) logdb ### The connection has been closed
2024-05-29 19:48:05.248 INFO  database.ConnectionDDBB.obtainConnection(ConnectionDDBB.java:34) logdb ### Connection obtained in the attemp: 0
2024-05-29 19:48:05.382 INFO  database.ConnectionDDBB.closeConnection(ConnectionDDBB.java:80) logdb ### Closing the connection
2024-05-29 19:48:05.382 ERROR database.ConnectionDDBB.closeConnection(ConnectionDDBB.java:89) logdb ### The connection has been closed
2024-05-29 19:48:05.382 INFO  database.ConnectionDDBB.obtainConnection(ConnectionDDBB.java:22) logdb ### Attempt {} to connect to the database
2024-05-29 19:48:05.843 INFO  database.ConnectionDDBB.obtainConnection(ConnectionDDBB.java:34) logdb ### Connection obtained in the attemp: 0
2024-05-29 19:48:05.946 INFO  database.ConnectionDDBB.closeConnection(ConnectionDDBB.java:80) logdb ### Closing the connection
2024-05-29 19:48:05.947 ERROR database.ConnectionDDBB.closeConnection(ConnectionDDBB.java:89) logdb ### The connection has been closed
2024-05-29 19:48:05.947 INFO  database.ConnectionDDBB.obtainConnection(ConnectionDDBB.java:22) logdb ### Attempt {} to connect to the database
2024-05-29 19:48:06.203 INFO  database.ConnectionDDBB.obtainConnection(ConnectionDDBB.java:34) logdb ### Connection obtained in the attemp: 0
2024-05-29 19:48:06.325 INFO  database.ConnectionDDBB.closeConnection(ConnectionDDBB.java:80) logdb ### Closing the connection
2024-05-29 19:48:06.325 ERROR database.ConnectionDDBB.closeConnection(ConnectionDDBB.java:89) logdb ### The connection has been closed
2024-05-29 19:48:06.325 INFO  database.ConnectionDDBB.obtainConnection(ConnectionDDBB.java:22) logdb ### Attempt {} to connect to the database
2024-05-29 19:48:06.608 INFO  database.ConnectionDDBB.obtainConnection(ConnectionDDBB.java:34) logdb ### Connection obtained in the attemp: 0
2024-05-29 19:48:06.609 INFO  database.ConnectionDDBB.obtainConnection(ConnectionDDBB.java:22) logdb ### Attempt {} to connect to the database
2024-05-29 19:48:07.510 INFO  database.ConnectionDDBB.obtainConnection(ConnectionDDBB.java:34) logdb ### Connection obtained in the attemp: 0
2024-05-29 19:48:08.162 INFO  database.ConnectionDDBB.closeConnection(ConnectionDDBB.java:80) logdb ### Closing the connection
2024-05-29 19:48:08.162 ERROR database.ConnectionDDBB.closeConnection(ConnectionDDBB.java:89) logdb ### The connection has been closed
2024-05-29 19:48:14.225 INFO  database.ConnectionDDBB.obtainConnection(ConnectionDDBB.java:22) logdb ### Attempt {} to connect to the database
2024-05-29 19:48:14.553 INFO  database.ConnectionDDBB.obtainConnection(ConnectionDDBB.java:34) logdb ### Connection obtained in the attemp: 0
2024-05-29 19:48:14.633 INFO  database.ConnectionDDBB.closeConnection(ConnectionDDBB.java:80) logdb ### Closing the connection
2024-05-29 19:48:14.633 ERROR database.ConnectionDDBB.closeConnection(ConnectionDDBB.java:89) logdb ### The connection has been closed
2024-05-29 19:48:14.633 INFO  database.ConnectionDDBB.obtainConnection(ConnectionDDBB.java:22) logdb ### Attempt {} to connect to the database
2024-05-29 19:48:15.103 INFO  database.ConnectionDDBB.obtainConnection(ConnectionDDBB.java:34) logdb ### Connection obtained in the attemp: 0
2024-05-29 19:48:15.428 INFO  database.ConnectionDDBB.closeConnection(ConnectionDDBB.java:80) logdb ### Closing the connection
2024-05-29 19:48:15.428 ERROR database.ConnectionDDBB.closeConnection(ConnectionDDBB.java:89) logdb ### The connection has been closed
2024-05-29 19:48:15.428 INFO  database.ConnectionDDBB.obtainConnection(ConnectionDDBB.java:22) logdb ### Attempt {} to connect to the database
2024-05-29 19:48:16.891 INFO  database.ConnectionDDBB.obtainConnection(ConnectionDDBB.java:34) logdb ### Connection obtained in the attemp: 0
2024-05-29 19:48:16.986 INFO  database.ConnectionDDBB.closeConnection(ConnectionDDBB.java:80) logdb ### Closing the connection
2024-05-29 19:48:16.986 ERROR database.ConnectionDDBB.closeConnection(ConnectionDDBB.java:89) logdb ### The connection has been closed
2024-05-29 19:48:16.986 INFO  database.ConnectionDDBB.obtainConnection(ConnectionDDBB.java:22) logdb ### Attempt {} to connect to the database
2024-05-29 19:48:17.495 INFO  database.ConnectionDDBB.obtainConnection(ConnectionDDBB.java:34) logdb ### Connection obtained in the attemp: 0
2024-05-29 19:48:17.495 INFO  database.ConnectionDDBB.obtainConnection(ConnectionDDBB.java:22) logdb ### Attempt {} to connect to the database
2024-05-29 19:48:18.505 INFO  database.ConnectionDDBB.obtainConnection(ConnectionDDBB.java:34) logdb ### Connection obtained in the attemp: 0
2024-05-29 19:48:18.606 INFO  database.ConnectionDDBB.closeConnection(ConnectionDDBB.java:80) logdb ### Closing the connection
2024-05-29 19:48:18.606 ERROR database.ConnectionDDBB.closeConnection(ConnectionDDBB.java:89) logdb ### The connection has been closed
2024-05-29 19:48:25.567 INFO  database.ConnectionDDBB.obtainConnection(ConnectionDDBB.java:22) logdb ### Attempt {} to connect to the database
2024-05-29 19:48:25.770 INFO  database.ConnectionDDBB.obtainConnection(ConnectionDDBB.java:34) logdb ### Connection obtained in the attemp: 0
2024-05-29 19:48:25.770 INFO  database.ConnectionDDBB.obtainConnection(ConnectionDDBB.java:22) logdb ### Attempt {} to connect to the database
2024-05-29 19:48:27.832 INFO  database.ConnectionDDBB.obtainConnection(ConnectionDDBB.java:34) logdb ### Connection obtained in the attemp: 0
2024-05-29 19:48:28.167 INFO  database.ConnectionDDBB.closeConnection(ConnectionDDBB.java:80) logdb ### Closing the connection
2024-05-29 19:48:28.167 ERROR database.ConnectionDDBB.closeConnection(ConnectionDDBB.java:89) logdb ### The connection has been closed
2024-05-29 19:48:28.194 INFO  database.ConnectionDDBB.obtainConnection(ConnectionDDBB.java:22) logdb ### Attempt {} to connect to the database
2024-05-29 19:48:28.537 INFO  database.ConnectionDDBB.obtainConnection(ConnectionDDBB.java:34) logdb ### Connection obtained in the attemp: 0
2024-05-29 19:48:28.652 INFO  database.ConnectionDDBB.closeConnection(ConnectionDDBB.java:80) logdb ### Closing the connection
2024-05-29 19:48:28.652 ERROR database.ConnectionDDBB.closeConnection(ConnectionDDBB.java:89) logdb ### The connection has been closed
2024-05-29 19:48:30.758 INFO  database.ConnectionDDBB.obtainConnection(ConnectionDDBB.java:22) logdb ### Attempt {} to connect to the database
2024-05-29 19:48:31.196 INFO  database.ConnectionDDBB.obtainConnection(ConnectionDDBB.java:34) logdb ### Connection obtained in the attemp: 0
2024-05-29 19:48:31.515 INFO  database.ConnectionDDBB.closeConnection(ConnectionDDBB.java:80) logdb ### Closing the connection
2024-05-29 19:48:31.515 ERROR database.ConnectionDDBB.closeConnection(ConnectionDDBB.java:89) logdb ### The connection has been closed
2024-05-29 19:48:37.139 INFO  database.ConnectionDDBB.obtainConnection(ConnectionDDBB.java:22) logdb ### Attempt {} to connect to the database
2024-05-29 19:48:37.394 INFO  database.ConnectionDDBB.obtainConnection(ConnectionDDBB.java:34) logdb ### Connection obtained in the attemp: 0
2024-05-29 19:48:37.511 INFO  database.ConnectionDDBB.closeConnection(ConnectionDDBB.java:80) logdb ### Closing the connection
2024-05-29 19:48:37.511 ERROR database.ConnectionDDBB.closeConnection(ConnectionDDBB.java:89) logdb ### The connection has been closed
2024-05-29 19:48:42.712 INFO  database.ConnectionDDBB.obtainConnection(ConnectionDDBB.java:22) logdb ### Attempt {} to connect to the database
2024-05-29 19:48:43.038 INFO  database.ConnectionDDBB.obtainConnection(ConnectionDDBB.java:34) logdb ### Connection obtained in the attemp: 0
2024-05-29 19:48:43.201 INFO  database.ConnectionDDBB.obtainConnection(ConnectionDDBB.java:22) logdb ### Attempt {} to connect to the database
2024-05-29 19:48:44.670 INFO  database.ConnectionDDBB.obtainConnection(ConnectionDDBB.java:34) logdb ### Connection obtained in the attemp: 0
2024-05-29 19:48:44.806 INFO  database.ConnectionDDBB.closeConnection(ConnectionDDBB.java:80) logdb ### Closing the connection
2024-05-29 19:48:44.806 ERROR database.ConnectionDDBB.closeConnection(ConnectionDDBB.java:89) logdb ### The connection has been closed
2024-05-29 19:48:47.005 INFO  database.ConnectionDDBB.obtainConnection(ConnectionDDBB.java:22) logdb ### Attempt {} to connect to the database
2024-05-29 19:48:47.242 INFO  database.ConnectionDDBB.obtainConnection(ConnectionDDBB.java:34) logdb ### Connection obtained in the attemp: 0
2024-05-29 19:48:50.366 INFO  database.ConnectionDDBB.obtainConnection(ConnectionDDBB.java:22) logdb ### Attempt {} to connect to the database
2024-05-29 19:48:53.339 INFO  database.ConnectionDDBB.obtainConnection(ConnectionDDBB.java:34) logdb ### Connection obtained in the attemp: 0
2024-05-29 19:48:53.487 INFO  database.ConnectionDDBB.obtainConnection(ConnectionDDBB.java:22) logdb ### Attempt {} to connect to the database
2024-05-29 19:48:55.113 INFO  database.ConnectionDDBB.obtainConnection(ConnectionDDBB.java:34) logdb ### Connection obtained in the attemp: 0
2024-05-29 19:48:55.243 INFO  database.ConnectionDDBB.closeConnection(ConnectionDDBB.java:80) logdb ### Closing the connection
2024-05-29 19:48:55.243 ERROR database.ConnectionDDBB.closeConnection(ConnectionDDBB.java:89) logdb ### The connection has been closed
2024-05-29 19:49:01.497 INFO  database.ConnectionDDBB.obtainConnection(ConnectionDDBB.java:22) logdb ### Attempt {} to connect to the database
2024-05-29 19:49:02.103 INFO  database.ConnectionDDBB.obtainConnection(ConnectionDDBB.java:34) logdb ### Connection obtained in the attemp: 0
2024-05-29 19:49:02.219 INFO  database.ConnectionDDBB.closeConnection(ConnectionDDBB.java:80) logdb ### Closing the connection
2024-05-29 19:49:02.219 ERROR database.ConnectionDDBB.closeConnection(ConnectionDDBB.java:89) logdb ### The connection has been closed
2024-05-29 19:49:04.121 INFO  database.ConnectionDDBB.obtainConnection(ConnectionDDBB.java:22) logdb ### Attempt {} to connect to the database
2024-05-29 19:49:04.685 INFO  database.ConnectionDDBB.obtainConnection(ConnectionDDBB.java:34) logdb ### Connection obtained in the attemp: 0
2024-05-29 19:49:04.984 INFO  database.ConnectionDDBB.closeConnection(ConnectionDDBB.java:80) logdb ### Closing the connection
2024-05-29 19:49:04.984 ERROR database.ConnectionDDBB.closeConnection(ConnectionDDBB.java:89) logdb ### The connection has been closed
2024-05-29 19:49:14.362 INFO  database.ConnectionDDBB.obtainConnection(ConnectionDDBB.java:22) logdb ### Attempt {} to connect to the database
2024-05-29 19:49:14.849 INFO  database.ConnectionDDBB.obtainConnection(ConnectionDDBB.java:34) logdb ### Connection obtained in the attemp: 0
2024-05-29 19:49:14.849 INFO  database.ConnectionDDBB.obtainConnection(ConnectionDDBB.java:22) logdb ### Attempt {} to connect to the database
2024-05-29 19:49:16.421 INFO  database.ConnectionDDBB.obtainConnection(ConnectionDDBB.java:34) logdb ### Connection obtained in the attemp: 0
2024-05-29 19:49:16.526 INFO  database.ConnectionDDBB.closeConnection(ConnectionDDBB.java:80) logdb ### Closing the connection
2024-05-29 19:49:16.526 ERROR database.ConnectionDDBB.closeConnection(ConnectionDDBB.java:89) logdb ### The connection has been closed
2024-05-29 19:49:16.549 INFO  database.ConnectionDDBB.obtainConnection(ConnectionDDBB.java:22) logdb ### Attempt {} to connect to the database
2024-05-29 19:49:16.730 INFO  database.ConnectionDDBB.obtainConnection(ConnectionDDBB.java:34) logdb ### Connection obtained in the attemp: 0
2024-05-29 19:49:16.838 INFO  database.ConnectionDDBB.closeConnection(ConnectionDDBB.java:80) logdb ### Closing the connection
2024-05-29 19:49:16.838 ERROR database.ConnectionDDBB.closeConnection(ConnectionDDBB.java:89) logdb ### The connection has been closed
2024-05-29 19:49:20.764 INFO  database.ConnectionDDBB.obtainConnection(ConnectionDDBB.java:22) logdb ### Attempt {} to connect to the database
2024-05-29 19:49:21.503 INFO  database.ConnectionDDBB.obtainConnection(ConnectionDDBB.java:34) logdb ### Connection obtained in the attemp: 0
2024-05-29 19:49:21.801 INFO  database.ConnectionDDBB.closeConnection(ConnectionDDBB.java:80) logdb ### Closing the connection
2024-05-29 19:49:21.801 ERROR database.ConnectionDDBB.closeConnection(ConnectionDDBB.java:89) logdb ### The connection has been closed
2024-05-29 19:49:21.801 INFO  database.ConnectionDDBB.obtainConnection(ConnectionDDBB.java:22) logdb ### Attempt {} to connect to the database
2024-05-29 19:49:21.995 INFO  database.ConnectionDDBB.obtainConnection(ConnectionDDBB.java:34) logdb ### Connection obtained in the attemp: 0
2024-05-29 19:49:22.089 INFO  database.ConnectionDDBB.closeConnection(ConnectionDDBB.java:80) logdb ### Closing the connection
2024-05-29 19:49:22.089 ERROR database.ConnectionDDBB.closeConnection(ConnectionDDBB.java:89) logdb ### The connection has been closed
2024-05-29 19:49:22.089 INFO  database.ConnectionDDBB.obtainConnection(ConnectionDDBB.java:22) logdb ### Attempt {} to connect to the database
2024-05-29 19:49:22.582 INFO  database.ConnectionDDBB.obtainConnection(ConnectionDDBB.java:34) logdb ### Connection obtained in the attemp: 0
2024-05-29 19:49:22.843 INFO  database.ConnectionDDBB.closeConnection(ConnectionDDBB.java:80) logdb ### Closing the connection
2024-05-29 19:49:22.844 ERROR database.ConnectionDDBB.closeConnection(ConnectionDDBB.java:89) logdb ### The connection has been closed
2024-05-29 19:49:22.844 INFO  database.ConnectionDDBB.obtainConnection(ConnectionDDBB.java:22) logdb ### Attempt {} to connect to the database
2024-05-29 19:49:23.033 INFO  database.ConnectionDDBB.obtainConnection(ConnectionDDBB.java:34) logdb ### Connection obtained in the attemp: 0
2024-05-29 19:49:23.033 INFO  database.ConnectionDDBB.obtainConnection(ConnectionDDBB.java:22) logdb ### Attempt {} to connect to the database
2024-05-29 19:49:25.369 INFO  database.ConnectionDDBB.obtainConnection(ConnectionDDBB.java:34) logdb ### Connection obtained in the attemp: 0
2024-05-29 19:49:25.719 INFO  database.ConnectionDDBB.closeConnection(ConnectionDDBB.java:80) logdb ### Closing the connection
2024-05-29 19:49:25.719 ERROR database.ConnectionDDBB.closeConnection(ConnectionDDBB.java:89) logdb ### The connection has been closed