-- VENDIFY MQTT LOGS --
2024-06-04 17:36:24.676 ERROR mqtt.MQTTSuscriber.suscribeTopic(MQTTSuscriber.java:50) logmqtt ### Error suscribing topic: {} org.eclipse.paho.client.mqttv3.MqttException: Se ha perdido la conexi贸n
	at org.eclipse.paho.client.mqttv3.internal.CommsReceiver.run(CommsReceiver.java:197) ~[org.eclipse.paho.client.mqttv3-1.2.5.jar:?]
	at java.lang.Thread.run(Thread.java:1623) ~[?:?]
Caused by: java.io.EOFException
	at java.io.DataInputStream.readUnsignedByte(DataInputStream.java:290) ~[?:?]
	at java.io.DataInputStream.readByte(DataInputStream.java:268) ~[?:?]
	at org.eclipse.paho.client.mqttv3.internal.wire.MqttInputStream.readMqttWireMessage(MqttInputStream.java:92) ~[org.eclipse.paho.client.mqttv3-1.2.5.jar:?]
	at org.eclipse.paho.client.mqttv3.internal.CommsReceiver.run(CommsReceiver.java:137) ~[org.eclipse.paho.client.mqttv3-1.2.5.jar:?]
	... 1 more

2024-06-04 17:36:32.857 ERROR mqtt.MQTTSuscriber.suscribeTopic(MQTTSuscriber.java:50) logmqtt ### Error suscribing topic: {} org.eclipse.paho.client.mqttv3.MqttException: Identificador de cliente incorrecto
	at org.eclipse.paho.client.mqttv3.internal.ExceptionHelper.createMqttException(ExceptionHelper.java:31) ~[org.eclipse.paho.client.mqttv3-1.2.5.jar:?]
	at org.eclipse.paho.client.mqttv3.internal.ClientState.notifyReceivedAck(ClientState.java:1053) ~[org.eclipse.paho.client.mqttv3-1.2.5.jar:?]
	at org.eclipse.paho.client.mqttv3.internal.CommsReceiver.run(CommsReceiver.java:151) ~[org.eclipse.paho.client.mqttv3-1.2.5.jar:?]
	at java.lang.Thread.run(Thread.java:1623) ~[?:?]

2024-06-04 17:55:07.871 ERROR mqtt.MQTTSuscriber.suscribeTopic(MQTTSuscriber.java:50) logmqtt ### Error suscribing topic: {} org.eclipse.paho.client.mqttv3.MqttException: Se ha perdido la conexi贸n
	at org.eclipse.paho.client.mqttv3.internal.CommsReceiver.run(CommsReceiver.java:197) ~[org.eclipse.paho.client.mqttv3-1.2.5.jar:?]
	at java.lang.Thread.run(Thread.java:1623) ~[?:?]
Caused by: java.io.EOFException
	at java.io.DataInputStream.readUnsignedByte(DataInputStream.java:290) ~[?:?]
	at java.io.DataInputStream.readByte(DataInputStream.java:268) ~[?:?]
	at org.eclipse.paho.client.mqttv3.internal.wire.MqttInputStream.readMqttWireMessage(MqttInputStream.java:92) ~[org.eclipse.paho.client.mqttv3-1.2.5.jar:?]
	at org.eclipse.paho.client.mqttv3.internal.CommsReceiver.run(CommsReceiver.java:137) ~[org.eclipse.paho.client.mqttv3-1.2.5.jar:?]
	... 1 more

2024-06-04 17:58:25.008 ERROR mqtt.MQTTSuscriber.suscribeTopic(MQTTSuscriber.java:50) logmqtt ### Error suscribing topic: {} org.eclipse.paho.client.mqttv3.MqttException: Se ha perdido la conexi贸n
	at org.eclipse.paho.client.mqttv3.internal.CommsReceiver.run(CommsReceiver.java:197) ~[org.eclipse.paho.client.mqttv3-1.2.5.jar:?]
	at java.lang.Thread.run(Thread.java:1623) ~[?:?]
Caused by: java.io.EOFException
	at java.io.DataInputStream.readUnsignedByte(DataInputStream.java:290) ~[?:?]
	at java.io.DataInputStream.readByte(DataInputStream.java:268) ~[?:?]
	at org.eclipse.paho.client.mqttv3.internal.wire.MqttInputStream.readMqttWireMessage(MqttInputStream.java:92) ~[org.eclipse.paho.client.mqttv3-1.2.5.jar:?]
	at org.eclipse.paho.client.mqttv3.internal.CommsReceiver.run(CommsReceiver.java:137) ~[org.eclipse.paho.client.mqttv3-1.2.5.jar:?]
	... 1 more

2024-06-04 19:14:39.878 ERROR mqtt.MQTTSuscriber.suscribeTopic(MQTTSuscriber.java:50) logmqtt ### Error suscribing topic: {} org.eclipse.paho.client.mqttv3.MqttException: Se ha perdido la conexi贸n
	at org.eclipse.paho.client.mqttv3.internal.CommsReceiver.run(CommsReceiver.java:197) ~[org.eclipse.paho.client.mqttv3-1.2.5.jar:?]
	at java.lang.Thread.run(Thread.java:1623) ~[?:?]
Caused by: java.io.EOFException
	at java.io.DataInputStream.readUnsignedByte(DataInputStream.java:290) ~[?:?]
	at java.io.DataInputStream.readByte(DataInputStream.java:268) ~[?:?]
	at org.eclipse.paho.client.mqttv3.internal.wire.MqttInputStream.readMqttWireMessage(MqttInputStream.java:92) ~[org.eclipse.paho.client.mqttv3-1.2.5.jar:?]
	at org.eclipse.paho.client.mqttv3.internal.CommsReceiver.run(CommsReceiver.java:137) ~[org.eclipse.paho.client.mqttv3-1.2.5.jar:?]
	... 1 more

2024-06-04 19:21:33.873 INFO  mqtt.MQTTSuscriber.suscribeTopic(MQTTSuscriber.java:45) logmqtt ### Subscribed to maquina/+
2024-06-04 19:24:12.423 INFO  mqtt.MQTTSuscriber.suscribeTopic(MQTTSuscriber.java:45) logmqtt ### Subscribed to maquina/+
2024-06-04 20:00:38.500 INFO  mqtt.MQTTSuscriber.suscribeTopic(MQTTSuscriber.java:45) logmqtt ### Subscribed to maquina/+
2024-06-05 17:41:23.461 INFO  mqtt.MQTTSuscriber.suscribeTopic(MQTTSuscriber.java:45) logmqtt ### Subscribed to maquina/+
2024-06-05 17:41:33.828 INFO  mqtt.MQTTPublisher.publish(MQTTPublisher.java:27) logmqtt ### Connecting to broker: tcp://broker.emqx.io:1883
2024-06-05 17:41:34.470 INFO  mqtt.MQTTPublisher.publish(MQTTPublisher.java:29) logmqtt ### Connected
2024-06-05 17:41:34.583 INFO  mqtt.MQTTPublisher.publish(MQTTPublisher.java:33) logmqtt ### Message published
2024-06-05 17:41:34.583 INFO  mqtt.MQTTPublisher.publish(MQTTPublisher.java:34) logmqtt ### Disconnected
2024-06-05 17:41:35.258 INFO  mqtt.MQTTSuscriber.suscribeTopic(MQTTSuscriber.java:73) logmqtt ### Subscribed to Parking1
2024-06-05 17:48:28.623 INFO  mqtt.MQTTPublisher.publish(MQTTPublisher.java:27) logmqtt ### Connecting to broker: tcp://broker.emqx.io:1883
2024-06-05 17:48:29.291 INFO  mqtt.MQTTPublisher.publish(MQTTPublisher.java:29) logmqtt ### Connected
2024-06-05 17:48:29.402 INFO  mqtt.MQTTPublisher.publish(MQTTPublisher.java:33) logmqtt ### Message published
2024-06-05 17:48:29.402 INFO  mqtt.MQTTPublisher.publish(MQTTPublisher.java:34) logmqtt ### Disconnected
2024-06-05 17:48:31.188 INFO  mqtt.MQTTSuscriber.suscribeTopic(MQTTSuscriber.java:73) logmqtt ### Subscribed to Parking1
2024-06-05 17:49:05.583 INFO  mqtt.MQTTPublisher.publish(MQTTPublisher.java:27) logmqtt ### Connecting to broker: tcp://broker.emqx.io:1883
2024-06-05 17:49:06.212 INFO  mqtt.MQTTPublisher.publish(MQTTPublisher.java:29) logmqtt ### Connected
2024-06-05 17:49:06.295 INFO  mqtt.MQTTPublisher.publish(MQTTPublisher.java:33) logmqtt ### Message published
2024-06-05 17:49:06.295 INFO  mqtt.MQTTPublisher.publish(MQTTPublisher.java:34) logmqtt ### Disconnected
2024-06-05 17:49:06.969 INFO  mqtt.MQTTSuscriber.suscribeTopic(MQTTSuscriber.java:73) logmqtt ### Subscribed to Parking1