-- UBIPARK LOGS --
2024-06-05 18:08:56.998 INFO  logic.ProjectInitializer.contextInitialized(ProjectInitializer.java:20) log ### -->Suscribe Topics<--
2024-06-05 18:09:00.266 INFO  servlets.getParkings.doGet(getParkings.java:29) log ### -- Get Users information from DB--
2024-06-05 18:09:05.116 INFO  logic.Logic.getParkingsFromDB(Logic.java:122) log ### Query=> com.mysql.cj.jdbc.ClientPreparedStatement: SELECT * FROM parkings
2024-06-05 18:09:05.201 INFO  servlets.getParkings.doGet(getParkings.java:35) log ### JSON Values=> [{"parking_id":1,"nombre":"Parking Plaza Mostenses","direccion":"Pl. de los Mostenses","ciudad":"Madrid","c_postal":"28015","capacidad_total":10,"plazas_disponibles":2},{"parking_id":2,"nombre":"Estación Santa Justa","direccion":"C. Joaquin Morales y Torres","ciudad":"Sevilla","c_postal":"41003","capacidad_total":12,"plazas_disponibles":6},{"parking_id":4,"nombre":"Parking Escuela Politécnica","direccion":"Ctra. Madrid-Barcelona km, 33","ciudad":"Alcalá de Henares","c_postal":"28805","capacidad_total":1,"plazas_disponibles":1}] 
2024-06-05 18:10:32.133 INFO  logic.ProjectInitializer.contextInitialized(ProjectInitializer.java:20) log ### -->Suscribe Topics<--
2024-06-05 18:10:34.341 INFO  servlets.getParkings.doGet(getParkings.java:29) log ### -- Get Users information from DB--
2024-06-05 18:10:39.125 INFO  logic.Logic.getParkingsFromDB(Logic.java:122) log ### Query=> com.mysql.cj.jdbc.ClientPreparedStatement: SELECT * FROM parkings
2024-06-05 18:10:39.203 INFO  servlets.getParkings.doGet(getParkings.java:35) log ### JSON Values=> [{"parking_id":1,"nombre":"Parking Plaza Mostenses","direccion":"Pl. de los Mostenses","ciudad":"Madrid","c_postal":"28015","capacidad_total":10,"plazas_disponibles":2},{"parking_id":2,"nombre":"Estación Santa Justa","direccion":"C. Joaquin Morales y Torres","ciudad":"Sevilla","c_postal":"41003","capacidad_total":12,"plazas_disponibles":6},{"parking_id":4,"nombre":"Parking Escuela Politécnica","direccion":"Ctra. Madrid-Barcelona km, 33","ciudad":"Alcalá de Henares","c_postal":"28805","capacidad_total":1,"plazas_disponibles":1}] 
2024-06-05 18:11:57.284 INFO  logic.ProjectInitializer.contextInitialized(ProjectInitializer.java:20) log ### -->Suscribe Topics<--
2024-06-05 18:12:03.271 INFO  servlets.getParkings.doGet(getParkings.java:29) log ### -- Get Users information from DB--
2024-06-05 18:12:09.249 INFO  logic.Logic.getParkingsFromDB(Logic.java:122) log ### Query=> com.mysql.cj.jdbc.ClientPreparedStatement: SELECT * FROM parkings
2024-06-05 18:12:09.315 INFO  servlets.getParkings.doGet(getParkings.java:35) log ### JSON Values=> [{"parking_id":1,"nombre":"Parking Plaza Mostenses","direccion":"Pl. de los Mostenses","ciudad":"Madrid","c_postal":"28015","capacidad_total":10,"plazas_disponibles":2},{"parking_id":2,"nombre":"Estación Santa Justa","direccion":"C. Joaquin Morales y Torres","ciudad":"Sevilla","c_postal":"41003","capacidad_total":12,"plazas_disponibles":6},{"parking_id":4,"nombre":"Parking Escuela Politécnica","direccion":"Ctra. Madrid-Barcelona km, 33","ciudad":"Alcalá de Henares","c_postal":"28805","capacidad_total":1,"plazas_disponibles":1}] 
2024-06-05 18:14:32.088 INFO  logic.ProjectInitializer.contextInitialized(ProjectInitializer.java:20) log ### -->Suscribe Topics<--
2024-06-05 18:14:34.620 INFO  servlets.getParkings.doGet(getParkings.java:29) log ### -- Get Users information from DB--
2024-06-05 18:14:38.683 INFO  logic.Logic.getParkingsFromDB(Logic.java:122) log ### Query=> com.mysql.cj.jdbc.ClientPreparedStatement: SELECT * FROM parkings
2024-06-05 18:14:38.749 INFO  servlets.getParkings.doGet(getParkings.java:35) log ### JSON Values=> [{"parking_id":1,"nombre":"Parking Plaza Mostenses","direccion":"Pl. de los Mostenses","ciudad":"Madrid","c_postal":"28015","capacidad_total":10,"plazas_disponibles":2},{"parking_id":2,"nombre":"Estación Santa Justa","direccion":"C. Joaquin Morales y Torres","ciudad":"Sevilla","c_postal":"41003","capacidad_total":12,"plazas_disponibles":6},{"parking_id":4,"nombre":"Parking Escuela Politécnica","direccion":"Ctra. Madrid-Barcelona km, 33","ciudad":"Alcalá de Henares","c_postal":"28805","capacidad_total":1,"plazas_disponibles":1}] 
2024-06-05 18:15:45.792 INFO  logic.ProjectInitializer.contextInitialized(ProjectInitializer.java:20) log ### -->Suscribe Topics<--
2024-06-05 18:15:48.525 INFO  servlets.getParkings.doGet(getParkings.java:29) log ### -- Get Users information from DB--
2024-06-05 18:15:52.505 INFO  logic.Logic.getParkingsFromDB(Logic.java:122) log ### Query=> com.mysql.cj.jdbc.ClientPreparedStatement: SELECT * FROM parkings
2024-06-05 18:15:52.573 INFO  servlets.getParkings.doGet(getParkings.java:35) log ### JSON Values=> [{"parking_id":1,"nombre":"Parking Plaza Mostenses","direccion":"Pl. de los Mostenses","ciudad":"Madrid","c_postal":"28015","capacidad_total":10,"plazas_disponibles":2},{"parking_id":2,"nombre":"Estación Santa Justa","direccion":"C. Joaquin Morales y Torres","ciudad":"Sevilla","c_postal":"41003","capacidad_total":12,"plazas_disponibles":6},{"parking_id":4,"nombre":"Parking Escuela Politécnica","direccion":"Ctra. Madrid-Barcelona km, 33","ciudad":"Alcalá de Henares","c_postal":"28805","capacidad_total":1,"plazas_disponibles":1}] 
2024-06-05 18:35:09.862 INFO  logic.ProjectInitializer.contextInitialized(ProjectInitializer.java:20) log ### -->Suscribe Topics<--
2024-06-05 18:35:44.535 INFO  servlets.getParkings.doGet(getParkings.java:29) log ### -- Get Users information from DB--
2024-06-05 18:35:49.505 INFO  logic.Logic.getParkingsFromDB(Logic.java:122) log ### Query=> com.mysql.cj.jdbc.ClientPreparedStatement: SELECT * FROM parkings
2024-06-05 18:35:49.642 INFO  servlets.getParkings.doGet(getParkings.java:35) log ### JSON Values=> [{"parking_id":1,"nombre":"Parking Plaza Mostenses","direccion":"Pl. de los Mostenses","ciudad":"Madrid","c_postal":"28015","capacidad_total":10,"plazas_disponibles":2},{"parking_id":2,"nombre":"Estación Santa Justa","direccion":"C. Joaquin Morales y Torres","ciudad":"Sevilla","c_postal":"41003","capacidad_total":12,"plazas_disponibles":6},{"parking_id":4,"nombre":"Parking Escuela Politécnica","direccion":"Ctra. Madrid-Barcelona km, 33","ciudad":"Alcalá de Henares","c_postal":"28805","capacidad_total":1,"plazas_disponibles":1}] 
2024-06-05 18:49:35.119 INFO  logic.ProjectInitializer.contextInitialized(ProjectInitializer.java:20) log ### -->Suscribe Topics<--
2024-06-05 18:49:38.738 INFO  servlets.getParkings.doGet(getParkings.java:29) log ### -- Get Users information from DB--
2024-06-05 18:49:43.139 INFO  logic.Logic.getParkingsFromDB(Logic.java:122) log ### Query=> com.mysql.cj.jdbc.ClientPreparedStatement: SELECT * FROM parkings
2024-06-05 18:49:43.342 INFO  servlets.getParkings.doGet(getParkings.java:35) log ### JSON Values=> [{"parking_id":1,"nombre":"Parking Plaza Mostenses","direccion":"Pl. de los Mostenses","ciudad":"Madrid","c_postal":"28015","capacidad_total":10,"plazas_disponibles":2},{"parking_id":2,"nombre":"Estación Santa Justa","direccion":"C. Joaquin Morales y Torres","ciudad":"Sevilla","c_postal":"41003","capacidad_total":12,"plazas_disponibles":6},{"parking_id":4,"nombre":"Parking Escuela Politécnica","direccion":"Ctra. Madrid-Barcelona km, 33","ciudad":"Alcalá de Henares","c_postal":"28805","capacidad_total":1,"plazas_disponibles":1}] 