-- UBIPARK MQTT LOGS --
2024-06-05 18:08:57.057 INFO  mqtt.MQTTPublisher.publish(MQTTPublisher.java:27) logmqtt ### Connecting to broker: tcp://broker.emqx.io:1883
2024-06-05 18:08:57.892 INFO  mqtt.MQTTPublisher.publish(MQTTPublisher.java:29) logmqtt ### Connected
2024-06-05 18:08:58.216 INFO  mqtt.MQTTPublisher.publish(MQTTPublisher.java:33) logmqtt ### Message published
2024-06-05 18:08:58.217 INFO  mqtt.MQTTPublisher.publish(MQTTPublisher.java:34) logmqtt ### Disconnected
2024-06-05 18:08:59.304 INFO  mqtt.MQTTSuscriber.suscribeTopic(MQTTSuscriber.java:40) logmqtt ### Subscribed to parking/+
2024-06-05 18:10:33.180 INFO  mqtt.MQTTSuscriber.suscribeTopic(MQTTSuscriber.java:40) logmqtt ### Subscribed to parking/+
2024-06-05 18:10:33.191 INFO  mqtt.MQTTPublisher.publish(MQTTPublisher.java:27) logmqtt ### Connecting to broker: tcp://broker.emqx.io:1883
2024-06-05 18:10:33.838 INFO  mqtt.MQTTPublisher.publish(MQTTPublisher.java:29) logmqtt ### Connected
2024-06-05 18:10:33.925 INFO  mqtt.MQTTPublisher.publish(MQTTPublisher.java:33) logmqtt ### Message published
2024-06-05 18:10:33.925 INFO  mqtt.MQTTPublisher.publish(MQTTPublisher.java:34) logmqtt ### Disconnected
2024-06-05 18:11:59.092 INFO  mqtt.MQTTSuscriber.suscribeTopic(MQTTSuscriber.java:40) logmqtt ### Subscribed to parking/+
2024-06-05 18:11:59.094 INFO  mqtt.MQTTPublisher.publish(MQTTPublisher.java:27) logmqtt ### Connecting to broker: tcp://broker.emqx.io:1883
2024-06-05 18:12:01.976 INFO  mqtt.MQTTPublisher.publish(MQTTPublisher.java:29) logmqtt ### Connected
2024-06-05 18:12:02.885 INFO  mqtt.MQTTPublisher.publish(MQTTPublisher.java:33) logmqtt ### Message published
2024-06-05 18:12:02.885 INFO  mqtt.MQTTPublisher.publish(MQTTPublisher.java:34) logmqtt ### Disconnected
2024-06-05 18:14:33.230 INFO  mqtt.MQTTSuscriber.suscribeTopic(MQTTSuscriber.java:40) logmqtt ### Subscribed to parking/+
2024-06-05 18:14:33.230 INFO  mqtt.MQTTPublisher.publish(MQTTPublisher.java:27) logmqtt ### Connecting to broker: tcp://broker.emqx.io:1883
2024-06-05 18:14:34.043 INFO  mqtt.MQTTPublisher.publish(MQTTPublisher.java:29) logmqtt ### Connected
2024-06-05 18:14:34.215 INFO  mqtt.MQTTPublisher.publish(MQTTPublisher.java:33) logmqtt ### Message published
2024-06-05 18:14:34.215 INFO  mqtt.MQTTPublisher.publish(MQTTPublisher.java:34) logmqtt ### Disconnected
2024-06-05 18:15:47.252 INFO  mqtt.MQTTSuscriber.suscribeTopic(MQTTSuscriber.java:40) logmqtt ### Subscribed to parking/entrada
2024-06-05 18:15:47.255 INFO  mqtt.MQTTPublisher.publish(MQTTPublisher.java:27) logmqtt ### Connecting to broker: tcp://broker.emqx.io:1883
2024-06-05 18:15:47.960 INFO  mqtt.MQTTPublisher.publish(MQTTPublisher.java:29) logmqtt ### Connected
2024-06-05 18:15:48.085 INFO  mqtt.MQTTPublisher.publish(MQTTPublisher.java:33) logmqtt ### Message published
2024-06-05 18:15:48.086 INFO  mqtt.MQTTPublisher.publish(MQTTPublisher.java:34) logmqtt ### Disconnected
2024-06-05 18:35:11.478 INFO  mqtt.MQTTSuscriber.suscribeTopic(MQTTSuscriber.java:40) logmqtt ### Subscribed to parking/entrada
2024-06-05 18:35:11.488 INFO  mqtt.MQTTPublisher.publish(MQTTPublisher.java:27) logmqtt ### Connecting to broker: tcp://broker.emqx.io:1883
2024-06-05 18:35:12.730 INFO  mqtt.MQTTPublisher.publish(MQTTPublisher.java:29) logmqtt ### Connected
2024-06-05 18:35:12.861 INFO  mqtt.MQTTPublisher.publish(MQTTPublisher.java:33) logmqtt ### Message published
2024-06-05 18:35:12.861 INFO  mqtt.MQTTPublisher.publish(MQTTPublisher.java:34) logmqtt ### Disconnected
2024-06-05 18:49:36.365 INFO  mqtt.MQTTSuscriber.suscribeTopic(MQTTSuscriber.java:40) logmqtt ### Subscribed to parking/entrada
2024-06-05 18:49:36.368 INFO  mqtt.MQTTPublisher.publish(MQTTPublisher.java:27) logmqtt ### Connecting to broker: tcp://broker.emqx.io:1883
2024-06-05 18:49:37.283 INFO  mqtt.MQTTPublisher.publish(MQTTPublisher.java:29) logmqtt ### Connected
2024-06-05 18:49:37.692 INFO  mqtt.MQTTPublisher.publish(MQTTPublisher.java:33) logmqtt ### Message published
2024-06-05 18:49:37.693 INFO  mqtt.MQTTPublisher.publish(MQTTPublisher.java:34) logmqtt ### Disconnected
2024-06-05 18:49:37.708 ERROR mqtt.MQTTPublisher.publish(MQTTPublisher.java:39) logmqtt ### Error on publishing value: {} El cliente está desconectado (32101)